#
# There is insufficient memory for the Java Runtime Environment to continue.
# Native memory allocation (mmap) failed to map 65536 bytes for Failed to commit metaspace.
# Possible reasons:
#   The system is out of physical RAM or swap space
#   The process is running with CompressedOops enabled, and the Java Heap may be blocking the growth of the native heap
# Possible solutions:
#   Reduce memory load on the system
#   Increase physical memory or swap space
#   Check if swap backing store is full
#   Decrease Java heap size (-Xmx/-Xms)
#   Decrease number of Java threads
#   Decrease Java thread stack sizes (-Xss)
#   Set larger code cache with -XX:ReservedCodeCacheSize=
#   JVM is running with Unscaled Compressed Oops mode in which the Java heap is
#     placed in the first 4GB address space. The Java Heap base address is the
#     maximum limit for the native heap growth. Please use -XX:HeapBaseMinAddress
#     to set the Java Heap base and to place the Java Heap above 4GB virtual address.
# This output file may be truncated or incomplete.
#
#  Out of Memory Error (virtualSpaceNode.cpp:112), pid=248, tid=12036
#
# JRE version: Java(TM) SE Runtime Environment (21.0.2+13) (build 21.0.2+13-LTS-58)
# Java VM: Java HotSpot(TM) 64-Bit Server VM (21.0.2+13-LTS-58, mixed mode, tiered, compressed oops, compressed class ptrs, g1 gc, windows-amd64)
# No core dump will be written. Minidumps are not enabled by default on client versions of Windows
#

---------------  S U M M A R Y ------------

Command Line: -Dfile.encoding=UTF-8 -Duser.country=US -Duser.language=en -Duser.variant store.App

Host: AMD Ryzen 5 3500U with Radeon Vega Mobile Gfx  , 8 cores, 3G,  Windows 11 , 64 bit Build 22621 (10.0.22621.3374)
Time: Wed Apr 10 17:56:04 2024 SE Asia Standard Time elapsed time: 0.161389 seconds (0d 0h 0m 0s)

---------------  T H R E A D  ---------------

Current thread (0x000002cedb019560):  JavaThread "main"             [_thread_in_vm, id=12036, stack(0x000000db1f500000,0x000000db1f600000) (1024K)]

Stack: [0x000000db1f500000,0x000000db1f600000]
Native frames: (J=compiled Java code, j=interpreted, Vv=VM code, C=native code)
V  [jvm.dll+0x6cade9]
V  [jvm.dll+0x8569c1]
V  [jvm.dll+0x858d2e]
V  [jvm.dll+0x859413]
V  [jvm.dll+0x280e56]
V  [jvm.dll+0x8526ee]
V  [jvm.dll+0x66e705]
V  [jvm.dll+0x66e76a]
V  [jvm.dll+0x670f96]
V  [jvm.dll+0x670e62]
V  [jvm.dll+0x66f0de]
V  [jvm.dll+0x679347]
V  [jvm.dll+0x217b73]
V  [jvm.dll+0x2180b5]
V  [jvm.dll+0x218ad1]
V  [jvm.dll+0x20dd9e]
V  [jvm.dll+0x5ad3dc]
V  [jvm.dll+0x21f76a]
V  [jvm.dll+0x7cec21]
V  [jvm.dll+0x7cfc85]
V  [jvm.dll+0x7d022f]
V  [jvm.dll+0x7cfed8]
V  [jvm.dll+0x26ed7b]
V  [jvm.dll+0x3d3c0e]
C  0x000002ceea9ca6cb

The last pc belongs to new (printed below).
Java frames: (J=compiled Java code, j=interpreted, Vv=VM code)
j  java.io.DefaultFileSystem.getFileSystem()Ljava/io/FileSystem;+0 java.base
j  java.io.File.<clinit>()V+16 java.base
v  ~StubRoutines::call_stub 0x000002ceea9b100d
j  jdk.internal.module.ModuleBootstrap.initModulePatcher()Ljdk/internal/module/ModulePatcher;+3 java.base
j  jdk.internal.module.ModuleBootstrap.<clinit>()V+28 java.base
v  ~StubRoutines::call_stub 0x000002ceea9b100d
j  java.lang.System.initPhase2(ZZ)I+0 java.base
v  ~StubRoutines::call_stub 0x000002ceea9b100d
new  187 new  [0x000002ceea9ca540, 0x000002ceea9ca740]  512 bytes
[MachCode]
  0x000002ceea9ca540: 4883 ec08 | c5fa 1104 | 24eb 1f48 | 83ec 10c5 | fb11 0424 | eb14 4883 | ec10 4889 | 0424 48c7 
  0x000002ceea9ca560: 4424 0800 | 0000 00eb | 0150 410f | b755 010f | cac1 ea10 | 488b 4de8 | 488b 4908 | 488b 4908 
  0x000002ceea9ca580: 488b 4108 | 807c 1004 | 070f 85ca | 0000 0066 | 8b54 d148 | 488b 4928 | 488b 4cd1 | 0851 80b9 
  0x000002ceea9ca5a0: 2001 0000 | 050f 85ad | 0000 008b | 5108 f6c2 | 010f 85a1 | 0000 0049 | 8b87 b801 | 0000 488d 
  0x000002ceea9ca5c0: 1c10 493b | 9fc8 0100 | 000f 8789 | 0000 0049 | 899f b801 | 0000 4883 | ea10 0f84 | 0f00 0000 
  0x000002ceea9ca5e0: 33c9 c1ea | 0348 894c | d008 48ff | ca75 f648 | c700 0100 | 0000 5933 | f689 700c | 48c1 e903 
  0x000002ceea9ca600: 8948 0849 | bafa 45e1 | 55fe 7f00 | 0041 803a | 000f 843c | 0000 0050 | 488b c848 | 83ec 2040 
  0x000002ceea9ca620: f6c4 0f0f | 8419 0000 | 0048 83ec | 0848 b880 | 0992 55fe | 7f00 00ff | d048 83c4 | 08e9 0c00 
  0x000002ceea9ca640: 0000 48b8 | 8009 9255 | fe7f 0000 | ffd0 4883 | c420 58e9 | cb00 0000 | 5948 8b55 | e848 8b52 
  0x000002ceea9ca660: 0848 8b52 | 0845 0fb7 | 4501 410f | c841 c1e8 | 10e8 0500 | 0000 e9a8 | 0000 0048 | 8d44 2408 
  0x000002ceea9ca680: 4c89 6dc0 | 498b cfc5 | f877 4989 | afa8 0300 | 0049 8987 | 9803 0000 | 4883 ec20 | 40f6 c40f 
  0x000002ceea9ca6a0: 0f84 1900 | 0000 4883 | ec08 48b8 | c03b 5c55 | fe7f 0000 | ffd0 4883 | c408 e90c | 0000 0048 
  0x000002ceea9ca6c0: b8c0 3b5c | 55fe 7f00 | 00ff d048 | 83c4 2049 | c787 9803 | 0000 0000 | 0000 49c7 | 87a8 0300 
  0x000002ceea9ca6e0: 0000 0000 | 0049 c787 | a003 0000 | 0000 0000 | c5f8 7749 | 837f 0800 | 0f84 0500 | 0000 e9fd 
  0x000002ceea9ca700: 67fe ff49 | 8b87 f003 | 0000 49c7 | 87f0 0300 | 0000 0000 | 004c 8b6d | c04c 8b75 | c84e 8d74 
  0x000002ceea9ca720: f500 c341 | 0fb6 5d03 | 4983 c503 | 49ba 0007 | e455 fe7f | 0000 41ff | 24da 660f | 1f44 0000 
[/MachCode]

---------------  P R O C E S S  ---------------

Threads class SMR info:
_java_thread_list=0x000002cef633b880, length=9, elements={
0x000002cedb019560, 0x000002ce841794f0, 0x000002cef633d510, 0x000002ce84164f30,
0x000002ce84167da0, 0x000002ce84168800, 0x000002ce84191f40, 0x000002ce8416b270,
0x000002ce84170220
}

Java Threads: ( => current thread )
=>0x000002cedb019560 JavaThread "main"                              [_thread_in_vm, id=12036, stack(0x000000db1f500000,0x000000db1f600000) (1024K)]
  0x000002ce841794f0 JavaThread "Reference Handler"          daemon [_thread_blocked, id=660, stack(0x000000db1fd00000,0x000000db1fe00000) (1024K)]
  0x000002cef633d510 JavaThread "Finalizer"                  daemon [_thread_blocked, id=4272, stack(0x000000db1fe00000,0x000000db1ff00000) (1024K)]
  0x000002ce84164f30 JavaThread "Signal Dispatcher"          daemon [_thread_blocked, id=7564, stack(0x000000db1ff00000,0x000000db20000000) (1024K)]
  0x000002ce84167da0 JavaThread "Attach Listener"            daemon [_thread_blocked, id=13864, stack(0x000000db20000000,0x000000db20100000) (1024K)]
  0x000002ce84168800 JavaThread "Service Thread"             daemon [_thread_blocked, id=18192, stack(0x000000db20100000,0x000000db20200000) (1024K)]
  0x000002ce84191f40 JavaThread "Monitor Deflation Thread"   daemon [_thread_blocked, id=2312, stack(0x000000db20200000,0x000000db20300000) (1024K)]
  0x000002ce8416b270 JavaThread "C2 CompilerThread0"         daemon [_thread_blocked, id=2788, stack(0x000000db20300000,0x000000db20400000) (1024K)]
  0x000002ce84170220 JavaThread "C1 CompilerThread0"         daemon [_thread_blocked, id=9016, stack(0x000000db20400000,0x000000db20500000) (1024K)]
Total: 9

Other Threads:
  0x000002cef62d6290 VMThread "VM Thread"                           [id=17284, stack(0x000000db1fc00000,0x000000db1fd00000) (1024K)]
  0x000002cef626eab0 WatcherThread "VM Periodic Task Thread"        [id=17864, stack(0x000000db1fb00000,0x000000db1fc00000) (1024K)]
  0x000002cedb04af30 WorkerThread "GC Thread#0"                     [id=12508, stack(0x000000db1f600000,0x000000db1f700000) (1024K)]
  0x000002cedb053350 ConcurrentGCThread "G1 Main Marker"            [id=15860, stack(0x000000db1f700000,0x000000db1f800000) (1024K)]
  0x000002cedb053e50 WorkerThread "G1 Conc#0"                       [id=12004, stack(0x000000db1f800000,0x000000db1f900000) (1024K)]
  0x000002cedb0d2470 ConcurrentGCThread "G1 Refine#0"               [id=7580, stack(0x000000db1f900000,0x000000db1fa00000) (1024K)]
  0x000002cef61501f0 ConcurrentGCThread "G1 Service"                [id=8228, stack(0x000000db1fa00000,0x000000db1fb00000) (1024K)]
Total: 7

Threads with active compile tasks:
Total: 0

VM state: not at safepoint (normal execution)

VM Mutex/Monitor currently owned by a thread:  ([mutex/lock_event])
[0x00007ffe55e2ace8] Metaspace_lock - owner thread: 0x000002cedb019560

Heap address: 0x00000000c9c00000, size: 868 MB, Compressed Oops mode: 32-bit

CDS archive(s) not mapped
Compressed class space mapped at: 0x0000000100000000-0x0000000140000000, reserved size: 1073741824
Narrow klass base: 0x0000000000000000, Narrow klass shift: 3, Narrow klass range: 0x140000000

GC Precious Log:
 CardTable entry size: 512
 Card Set container configuration: InlinePtr #cards 5 size 8 Array Of Cards #cards 12 size 40 Howl #buckets 4 coarsen threshold 1843 Howl Bitmap #cards 512 size 80 coarsen threshold 460 Card regions per heap region 1 cards per card region 2048
 CPUs: 8 total, 8 available
 Memory: 3470M
 Large Page Support: Disabled
 NUMA Support: Disabled
 Compressed Oops: Enabled (32-bit)
 Heap Region Size: 1M
 Heap Min Capacity: 8M
 Heap Initial Capacity: 56M
 Heap Max Capacity: 868M
 Pre-touch: Disabled
 Parallel Workers: 8
 Concurrent Workers: 2
 Concurrent Refinement Workers: 8
 Periodic GC: Disabled

Heap:
 garbage-first heap   total 57344K, used 0K [0x00000000c9c00000, 0x0000000100000000)
  region size 1024K, 1 young (1024K), 0 survivors (0K)
 Metaspace       used 3304K, committed 3328K, reserved 1114112K
  class space    used 232K, committed 256K, reserved 1048576K

Heap Regions: E=young(eden), S=young(survivor), O=old, HS=humongous(starts), HC=humongous(continues), CS=collection set, F=free, TAMS=top-at-mark-start, PB=parsable bottom
|   0|0x00000000c9c00000, 0x00000000c9c00000, 0x00000000c9d00000|  0%| F|  |TAMS 0x00000000c9c00000| PB 0x00000000c9c00000| Untracked 
|   1|0x00000000c9d00000, 0x00000000c9d00000, 0x00000000c9e00000|  0%| F|  |TAMS 0x00000000c9d00000| PB 0x00000000c9d00000| Untracked 
|   2|0x00000000c9e00000, 0x00000000c9e00000, 0x00000000c9f00000|  0%| F|  |TAMS 0x00000000c9e00000| PB 0x00000000c9e00000| Untracked 
|   3|0x00000000c9f00000, 0x00000000c9f00000, 0x00000000ca000000|  0%| F|  |TAMS 0x00000000c9f00000| PB 0x00000000c9f00000| Untracked 
|   4|0x00000000ca000000, 0x00000000ca000000, 0x00000000ca100000|  0%| F|  |TAMS 0x00000000ca000000| PB 0x00000000ca000000| Untracked 
|   5|0x00000000ca100000, 0x00000000ca100000, 0x00000000ca200000|  0%| F|  |TAMS 0x00000000ca100000| PB 0x00000000ca100000| Untracked 
|   6|0x00000000ca200000, 0x00000000ca200000, 0x00000000ca300000|  0%| F|  |TAMS 0x00000000ca200000| PB 0x00000000ca200000| Untracked 
|   7|0x00000000ca300000, 0x00000000ca300000, 0x00000000ca400000|  0%| F|  |TAMS 0x00000000ca300000| PB 0x00000000ca300000| Untracked 
|   8|0x00000000ca400000, 0x00000000ca400000, 0x00000000ca500000|  0%| F|  |TAMS 0x00000000ca400000| PB 0x00000000ca400000| Untracked 
|   9|0x00000000ca500000, 0x00000000ca500000, 0x00000000ca600000|  0%| F|  |TAMS 0x00000000ca500000| PB 0x00000000ca500000| Untracked 
|  10|0x00000000ca600000, 0x00000000ca600000, 0x00000000ca700000|  0%| F|  |TAMS 0x00000000ca600000| PB 0x00000000ca600000| Untracked 
|  11|0x00000000ca700000, 0x00000000ca700000, 0x00000000ca800000|  0%| F|  |TAMS 0x00000000ca700000| PB 0x00000000ca700000| Untracked 
|  12|0x00000000ca800000, 0x00000000ca800000, 0x00000000ca900000|  0%| F|  |TAMS 0x00000000ca800000| PB 0x00000000ca800000| Untracked 
|  13|0x00000000ca900000, 0x00000000ca900000, 0x00000000caa00000|  0%| F|  |TAMS 0x00000000ca900000| PB 0x00000000ca900000| Untracked 
|  14|0x00000000caa00000, 0x00000000caa00000, 0x00000000cab00000|  0%| F|  |TAMS 0x00000000caa00000| PB 0x00000000caa00000| Untracked 
|  15|0x00000000cab00000, 0x00000000cab00000, 0x00000000cac00000|  0%| F|  |TAMS 0x00000000cab00000| PB 0x00000000cab00000| Untracked 
|  16|0x00000000cac00000, 0x00000000cac00000, 0x00000000cad00000|  0%| F|  |TAMS 0x00000000cac00000| PB 0x00000000cac00000| Untracked 
|  17|0x00000000cad00000, 0x00000000cad00000, 0x00000000cae00000|  0%| F|  |TAMS 0x00000000cad00000| PB 0x00000000cad00000| Untracked 
|  18|0x00000000cae00000, 0x00000000cae00000, 0x00000000caf00000|  0%| F|  |TAMS 0x00000000cae00000| PB 0x00000000cae00000| Untracked 
|  19|0x00000000caf00000, 0x00000000caf00000, 0x00000000cb000000|  0%| F|  |TAMS 0x00000000caf00000| PB 0x00000000caf00000| Untracked 
|  20|0x00000000cb000000, 0x00000000cb000000, 0x00000000cb100000|  0%| F|  |TAMS 0x00000000cb000000| PB 0x00000000cb000000| Untracked 
|  21|0x00000000cb100000, 0x00000000cb100000, 0x00000000cb200000|  0%| F|  |TAMS 0x00000000cb100000| PB 0x00000000cb100000| Untracked 
|  22|0x00000000cb200000, 0x00000000cb200000, 0x00000000cb300000|  0%| F|  |TAMS 0x00000000cb200000| PB 0x00000000cb200000| Untracked 
|  23|0x00000000cb300000, 0x00000000cb300000, 0x00000000cb400000|  0%| F|  |TAMS 0x00000000cb300000| PB 0x00000000cb300000| Untracked 
|  24|0x00000000cb400000, 0x00000000cb400000, 0x00000000cb500000|  0%| F|  |TAMS 0x00000000cb400000| PB 0x00000000cb400000| Untracked 
|  25|0x00000000cb500000, 0x00000000cb500000, 0x00000000cb600000|  0%| F|  |TAMS 0x00000000cb500000| PB 0x00000000cb500000| Untracked 
|  26|0x00000000cb600000, 0x00000000cb600000, 0x00000000cb700000|  0%| F|  |TAMS 0x00000000cb600000| PB 0x00000000cb600000| Untracked 
|  27|0x00000000cb700000, 0x00000000cb700000, 0x00000000cb800000|  0%| F|  |TAMS 0x00000000cb700000| PB 0x00000000cb700000| Untracked 
|  28|0x00000000cb800000, 0x00000000cb800000, 0x00000000cb900000|  0%| F|  |TAMS 0x00000000cb800000| PB 0x00000000cb800000| Untracked 
|  29|0x00000000cb900000, 0x00000000cb900000, 0x00000000cba00000|  0%| F|  |TAMS 0x00000000cb900000| PB 0x00000000cb900000| Untracked 
|  30|0x00000000cba00000, 0x00000000cba00000, 0x00000000cbb00000|  0%| F|  |TAMS 0x00000000cba00000| PB 0x00000000cba00000| Untracked 
|  31|0x00000000cbb00000, 0x00000000cbb00000, 0x00000000cbc00000|  0%| F|  |TAMS 0x00000000cbb00000| PB 0x00000000cbb00000| Untracked 
|  32|0x00000000cbc00000, 0x00000000cbc00000, 0x00000000cbd00000|  0%| F|  |TAMS 0x00000000cbc00000| PB 0x00000000cbc00000| Untracked 
|  33|0x00000000cbd00000, 0x00000000cbd00000, 0x00000000cbe00000|  0%| F|  |TAMS 0x00000000cbd00000| PB 0x00000000cbd00000| Untracked 
|  34|0x00000000cbe00000, 0x00000000cbe00000, 0x00000000cbf00000|  0%| F|  |TAMS 0x00000000cbe00000| PB 0x00000000cbe00000| Untracked 
|  35|0x00000000cbf00000, 0x00000000cbf00000, 0x00000000cc000000|  0%| F|  |TAMS 0x00000000cbf00000| PB 0x00000000cbf00000| Untracked 
|  36|0x00000000cc000000, 0x00000000cc000000, 0x00000000cc100000|  0%| F|  |TAMS 0x00000000cc000000| PB 0x00000000cc000000| Untracked 
|  37|0x00000000cc100000, 0x00000000cc100000, 0x00000000cc200000|  0%| F|  |TAMS 0x00000000cc100000| PB 0x00000000cc100000| Untracked 
|  38|0x00000000cc200000, 0x00000000cc200000, 0x00000000cc300000|  0%| F|  |TAMS 0x00000000cc200000| PB 0x00000000cc200000| Untracked 
|  39|0x00000000cc300000, 0x00000000cc300000, 0x00000000cc400000|  0%| F|  |TAMS 0x00000000cc300000| PB 0x00000000cc300000| Untracked 
|  40|0x00000000cc400000, 0x00000000cc400000, 0x00000000cc500000|  0%| F|  |TAMS 0x00000000cc400000| PB 0x00000000cc400000| Untracked 
|  41|0x00000000cc500000, 0x00000000cc500000, 0x00000000cc600000|  0%| F|  |TAMS 0x00000000cc500000| PB 0x00000000cc500000| Untracked 
|  42|0x00000000cc600000, 0x00000000cc600000, 0x00000000cc700000|  0%| F|  |TAMS 0x00000000cc600000| PB 0x00000000cc600000| Untracked 
|  43|0x00000000cc700000, 0x00000000cc700000, 0x00000000cc800000|  0%| F|  |TAMS 0x00000000cc700000| PB 0x00000000cc700000| Untracked 
|  44|0x00000000cc800000, 0x00000000cc800000, 0x00000000cc900000|  0%| F|  |TAMS 0x00000000cc800000| PB 0x00000000cc800000| Untracked 
|  45|0x00000000cc900000, 0x00000000cc900000, 0x00000000cca00000|  0%| F|  |TAMS 0x00000000cc900000| PB 0x00000000cc900000| Untracked 
|  46|0x00000000cca00000, 0x00000000cca00000, 0x00000000ccb00000|  0%| F|  |TAMS 0x00000000cca00000| PB 0x00000000cca00000| Untracked 
|  47|0x00000000ccb00000, 0x00000000ccb00000, 0x00000000ccc00000|  0%| F|  |TAMS 0x00000000ccb00000| PB 0x00000000ccb00000| Untracked 
|  48|0x00000000ccc00000, 0x00000000ccc00000, 0x00000000ccd00000|  0%| F|  |TAMS 0x00000000ccc00000| PB 0x00000000ccc00000| Untracked 
|  49|0x00000000ccd00000, 0x00000000ccd00000, 0x00000000cce00000|  0%| F|  |TAMS 0x00000000ccd00000| PB 0x00000000ccd00000| Untracked 
|  50|0x00000000cce00000, 0x00000000cce00000, 0x00000000ccf00000|  0%| F|  |TAMS 0x00000000cce00000| PB 0x00000000cce00000| Untracked 
|  51|0x00000000ccf00000, 0x00000000ccf00000, 0x00000000cd000000|  0%| F|  |TAMS 0x00000000ccf00000| PB 0x00000000ccf00000| Untracked 
|  52|0x00000000cd000000, 0x00000000cd000000, 0x00000000cd100000|  0%| F|  |TAMS 0x00000000cd000000| PB 0x00000000cd000000| Untracked 
|  53|0x00000000cd100000, 0x00000000cd100000, 0x00000000cd200000|  0%| F|  |TAMS 0x00000000cd100000| PB 0x00000000cd100000| Untracked 
|  54|0x00000000cd200000, 0x00000000cd200000, 0x00000000cd300000|  0%| F|  |TAMS 0x00000000cd200000| PB 0x00000000cd200000| Untracked 
|  55|0x00000000cd300000, 0x00000000cd400000, 0x00000000cd400000|100%| E|  |TAMS 0x00000000cd300000| PB 0x00000000cd300000| Complete 

Card table byte_map: [0x000002cef2970000,0x000002cef2b30000] _byte_map_base: 0x000002cef2322000

Marking Bits: (CMBitMap*) 0x000002cedb04b630
 Bits: [0x000002cef2b30000, 0x000002cef38c0000)

Polling page: 0x000002ced8fa0000

Metaspace:

Usage:
  Non-class:      3.00 MB used.
      Class:    232.99 KB used.
       Both:      3.23 MB used.

Virtual space:
  Non-class space:       64.00 MB reserved,       3.00 MB (  5%) committed,  1 nodes.
      Class space:        1.00 GB reserved,     256.00 KB ( <1%) committed,  1 nodes.
             Both:        1.06 GB reserved,       3.25 MB ( <1%) committed. 

Chunk freelists:
   Non-Class:  12.00 MB
       Class:  15.75 MB
        Both:  27.75 MB

MaxMetaspaceSize: unlimited
CompressedClassSpaceSize: 1.00 GB
Initial GC threshold: 21.00 MB
Current GC threshold: 21.00 MB
CDS: off
 - commit_granule_bytes: 65536.
 - commit_granule_words: 8192.
 - virtual_space_node_default_size: 8388608.
 - enlarge_chunks_in_place: 1.
 - use_allocation_guard: 0.


Internal statistics:

num_allocs_failed_limit: 0.
num_arena_births: 2.
num_arena_deaths: 0.
num_vsnodes_births: 2.
num_vsnodes_deaths: 0.
num_space_committed: 52.
num_space_uncommitted: 0.
num_chunks_returned_to_freelist: 0.
num_chunks_taken_from_freelist: 3.
num_chunk_merges: 0.
num_chunk_splits: 2.
num_chunks_enlarged: 0.
num_inconsistent_stats: 0.

CodeHeap 'non-profiled nmethods': size=120000Kb used=0Kb max_used=0Kb free=120000Kb
 bounds [0x000002ceeaf50000, 0x000002ceeb1c0000, 0x000002cef2480000]
CodeHeap 'profiled nmethods': size=120000Kb used=0Kb max_used=0Kb free=119999Kb
 bounds [0x000002cee3480000, 0x000002cee36f0000, 0x000002ceea9b0000]
CodeHeap 'non-nmethods': size=5760Kb used=1144Kb max_used=1154Kb free=4615Kb
 bounds [0x000002ceea9b0000, 0x000002ceeac20000, 0x000002ceeaf50000]
 total_blobs=285 nmethods=1 adapters=190
 compilation: enabled
              stopped_count=0, restarted_count=0
 full_count=0

Compilation events (2 events):
Event: 0.150 Thread 0x000002ce84170220    1       3       java.lang.Object::<init> (1 bytes)
Event: 0.150 Thread 0x000002ce84170220 nmethod 1 0x000002cee3480010 code [0x000002cee34801a0, 0x000002cee34802a8]

GC Heap History (0 events):
No events

Dll operation events (2 events):
Event: 0.028 Loaded shared library C:\Program Files\Java\jdk-21\bin\java.dll
Event: 0.149 Loaded shared library C:\Program Files\Java\jdk-21\bin\jsvml.dll

Deoptimization events (0 events):
No events

Classes loaded (20 events):
Event: 0.154 Loading class java/lang/invoke/MethodHandles$Lookup done
Event: 0.154 Loading class java/lang/StrictMath
Event: 0.155 Loading class java/lang/StrictMath done
Event: 0.155 Loading class java/util/ImmutableCollections$MapN$1
Event: 0.155 Loading class java/util/ImmutableCollections$MapN$1 done
Event: 0.155 Loading class java/util/ImmutableCollections$MapN$MapNIterator
Event: 0.155 Loading class java/util/ImmutableCollections$MapN$MapNIterator done
Event: 0.155 Loading class java/util/KeyValueHolder
Event: 0.155 Loading class java/util/KeyValueHolder done
Event: 0.155 Loading class sun/invoke/util/VerifyAccess
Event: 0.156 Loading class sun/invoke/util/VerifyAccess done
Event: 0.156 Loading class java/lang/module/ModuleDescriptor$1
Event: 0.156 Loading class jdk/internal/access/JavaLangModuleAccess
Event: 0.157 Loading class jdk/internal/access/JavaLangModuleAccess done
Event: 0.157 Loading class java/lang/module/ModuleDescriptor$1 done
Event: 0.157 Loading class java/io/File
Event: 0.157 Loading class java/io/File done
Event: 0.157 Loading class java/io/DefaultFileSystem
Event: 0.157 Loading class java/io/DefaultFileSystem done
Event: 0.157 Loading class java/io/WinNTFileSystem

Classes unloaded (0 events):
No events

Classes redefined (0 events):
No events

Internal exceptions (0 events):
No events

ZGC Phase Switch (0 events):
No events

VM Operations (0 events):
No events

Events (9 events):
Event: 0.035 Thread 0x000002cedb019560 Thread added: 0x000002cedb019560
Event: 0.145 Thread 0x000002ce841794f0 Thread added: 0x000002ce841794f0
Event: 0.145 Thread 0x000002cef633d510 Thread added: 0x000002cef633d510
Event: 0.147 Thread 0x000002ce84164f30 Thread added: 0x000002ce84164f30
Event: 0.147 Thread 0x000002ce84167da0 Thread added: 0x000002ce84167da0
Event: 0.147 Thread 0x000002ce84168800 Thread added: 0x000002ce84168800
Event: 0.147 Thread 0x000002ce84191f40 Thread added: 0x000002ce84191f40
Event: 0.147 Thread 0x000002ce8416b270 Thread added: 0x000002ce8416b270
Event: 0.147 Thread 0x000002ce84170220 Thread added: 0x000002ce84170220


Dynamic libraries:
0x00007ff7002d0000 - 0x00007ff7002e0000 	C:\Program Files\Java\jdk-21\bin\java.exe
0x00007ffed6ed0000 - 0x00007ffed70e6000 	C:\WINDOWS\SYSTEM32\ntdll.dll
0x00007ffed50e0000 - 0x00007ffed51a4000 	C:\WINDOWS\System32\KERNEL32.DLL
0x00007ffed4300000 - 0x00007ffed46a7000 	C:\WINDOWS\System32\KERNELBASE.dll
0x00007ffed46b0000 - 0x00007ffed47c1000 	C:\WINDOWS\System32\ucrtbase.dll
0x00007ffec56f0000 - 0x00007ffec570b000 	C:\Program Files\Java\jdk-21\bin\VCRUNTIME140.dll
0x00007ffeb9b60000 - 0x00007ffeb9b79000 	C:\Program Files\Java\jdk-21\bin\jli.dll
0x00007ffed6050000 - 0x00007ffed6102000 	C:\WINDOWS\System32\ADVAPI32.dll
0x00007ffed57f0000 - 0x00007ffed5897000 	C:\WINDOWS\System32\msvcrt.dll
0x00007ffed5030000 - 0x00007ffed50d8000 	C:\WINDOWS\System32\sechost.dll
0x00007ffed49c0000 - 0x00007ffed49e8000 	C:\WINDOWS\System32\bcrypt.dll
0x00007ffed58a0000 - 0x00007ffed59b5000 	C:\WINDOWS\System32\RPCRT4.dll
0x00007ffed6b30000 - 0x00007ffed6cde000 	C:\WINDOWS\System32\USER32.dll
0x00007ffed49f0000 - 0x00007ffed4a16000 	C:\WINDOWS\System32\win32u.dll
0x00007ffebddb0000 - 0x00007ffebe043000 	C:\WINDOWS\WinSxS\amd64_microsoft.windows.common-controls_6595b64144ccf1df_6.0.22621.3235_none_270f74e173860f98\COMCTL32.dll
0x00007ffed51b0000 - 0x00007ffed51d9000 	C:\WINDOWS\System32\GDI32.dll
0x00007ffed4a20000 - 0x00007ffed4b39000 	C:\WINDOWS\System32\gdi32full.dll
0x00007ffed41f0000 - 0x00007ffed428a000 	C:\WINDOWS\System32\msvcp_win.dll
0x00007ffeccc40000 - 0x00007ffeccc4a000 	C:\WINDOWS\SYSTEM32\VERSION.dll
0x00007ffed5340000 - 0x00007ffed5371000 	C:\WINDOWS\System32\IMM32.DLL
0x00007ffecd150000 - 0x00007ffecd15c000 	C:\Program Files\Java\jdk-21\bin\vcruntime140_1.dll
0x00007ffeba0d0000 - 0x00007ffeba15e000 	C:\Program Files\Java\jdk-21\bin\msvcp140.dll
0x00007ffe551f0000 - 0x00007ffe55f07000 	C:\Program Files\Java\jdk-21\bin\server\jvm.dll
0x00007ffed4fb0000 - 0x00007ffed5021000 	C:\WINDOWS\System32\WS2_32.dll
0x00007ffed40c0000 - 0x00007ffed410d000 	C:\WINDOWS\SYSTEM32\POWRPROF.dll
0x00007ffed0500000 - 0x00007ffed0534000 	C:\WINDOWS\SYSTEM32\WINMM.dll
0x00007ffed40a0000 - 0x00007ffed40b3000 	C:\WINDOWS\SYSTEM32\UMPDC.dll
0x00007ffed3230000 - 0x00007ffed3248000 	C:\WINDOWS\SYSTEM32\kernel.appcore.dll
0x00007ffec4520000 - 0x00007ffec452a000 	C:\Program Files\Java\jdk-21\bin\jimage.dll
0x00007ffece9e0000 - 0x00007ffecec13000 	C:\WINDOWS\SYSTEM32\DBGHELP.DLL
0x00007ffed4c20000 - 0x00007ffed4fa8000 	C:\WINDOWS\System32\combase.dll
0x00007ffed5710000 - 0x00007ffed57e7000 	C:\WINDOWS\System32\OLEAUT32.dll
0x00007ffecc810000 - 0x00007ffecc842000 	C:\WINDOWS\SYSTEM32\dbgcore.DLL
0x00007ffed47d0000 - 0x00007ffed4849000 	C:\WINDOWS\System32\bcryptPrimitives.dll
0x00007ffebc4a0000 - 0x00007ffebc4bf000 	C:\Program Files\Java\jdk-21\bin\java.dll
0x00007ffed6110000 - 0x00007ffed696c000 	C:\WINDOWS\System32\SHELL32.dll
0x00007ffed2150000 - 0x00007ffed2a49000 	C:\WINDOWS\SYSTEM32\windows.storage.dll
0x00007ffed2010000 - 0x00007ffed214e000 	C:\WINDOWS\SYSTEM32\wintypes.dll
0x00007ffed5ed0000 - 0x00007ffed5fc3000 	C:\WINDOWS\System32\SHCORE.dll
0x00007ffed53e0000 - 0x00007ffed543e000 	C:\WINDOWS\System32\shlwapi.dll
0x00007ffed4120000 - 0x00007ffed4141000 	C:\WINDOWS\SYSTEM32\profapi.dll
0x00007ffe9cbd0000 - 0x00007ffe9cca7000 	C:\Program Files\Java\jdk-21\bin\jsvml.dll

dbghelp: loaded successfully - version: 4.0.5 - missing functions: none
symbol engine: initialized successfully - sym options: 0x614 - pdb path: .;C:\Program Files\Java\jdk-21\bin;C:\WINDOWS\SYSTEM32;C:\WINDOWS\WinSxS\amd64_microsoft.windows.common-controls_6595b64144ccf1df_6.0.22621.3235_none_270f74e173860f98;C:\Program Files\Java\jdk-21\bin\server

VM Arguments:
jvm_args: -Dfile.encoding=UTF-8 -Duser.country=US -Duser.language=en -Duser.variant 
java_command: store.App
java_class_path (initial): C:\Users\TCCom\Documents\JAVA_PROJECT\BookStore-Management\bookstorre\app\build\classes\java\main;C:\Users\TCCom\Documents\JAVA_PROJECT\BookStore-Management\bookstorre\app\build\resources\main;C:\Users\TCCom\Documents\JAVA_PROJECT\BookStore-Management\bookstorre\app\libs\miglayout-4.0.jar;C:\Users\TCCom\Documents\JAVA_PROJECT\BookStore-Management\bookstorre\app\libs\TimingFramework-0.55.jar;C:\Users\TCCom\.gradle\caches\modules-2\files-2.1\mysql\mysql-connector-java\8.0.23\14d64ac509adccaff444513c12646d93e4ed8be8\mysql-connector-java-8.0.23.jar;C:\Users\TCCom\.gradle\caches\modules-2\files-2.1\com.google.guava\guava\32.1.1-jre\ad575652d84153075dd41ec6177ccb15251262b2\guava-32.1.1-jre.jar;C:\Users\TCCom\.gradle\caches\modules-2\files-2.1\com.formdev\flatlaf\1.6\8057260b08a5340bac2aeab02eab6034569d03ec\flatlaf-1.6.jar;C:\Users\TCCom\.gradle\caches\modules-2\files-2.1\com.google.protobuf\protobuf-java\3.11.4\7ec0925cc3aef0335bbc7d57edfd42b0f86f8267\protobuf-java-3.11.4.jar;C:\Users\TCCom\.gradle\caches\modules-2\files-2.1\com.google.guava\failureaccess\1.0.1\1dcf1de382a0bf95a3d8b0849546c88bac1292c9\failureaccess-1.0.1.jar;C:\Users\TCCom\.gradle\caches\modules-2\files-2.1\com.google.code.findbugs\jsr305\3.0.2\25ea2e8b0c338a877313bd4672d3fe056ea78f0d\jsr305-3.0.2.jar;C:\Users\TCCom\.gradle\caches\modules-2\files-2.1\org.checkerframework\checker-qual\3.33.0\de2b60b62da487644fc11f734e73c8b0b431238f\checker-qual-3.33.0.jar;C:\Users\TCCom\.gradle\caches\modules-2\files-2.1\com.google.errorprone\error_prone_annotations\2.18.0\89b684257096f548fa39a7df9fdaa409d4d4df91\error_prone_annotations-2.18.0.jar
Launcher Type: SUN_STANDARD

[Global flags]
     intx CICompilerCount                          = 4                                         {product} {ergonomic}
     uint ConcGCThreads                            = 2                                         {product} {ergonomic}
     uint G1ConcRefinementThreads                  = 8                                         {product} {ergonomic}
   size_t G1HeapRegionSize                         = 1048576                                   {product} {ergonomic}
    uintx GCDrainStackTargetSize                   = 64                                        {product} {ergonomic}
   size_t InitialHeapSize                          = 58720256                                  {product} {ergonomic}
   size_t MarkStackSize                            = 4194304                                   {product} {ergonomic}
   size_t MaxHeapSize                              = 910163968                                 {product} {ergonomic}
   size_t MaxNewSize                               = 545259520                                 {product} {ergonomic}
   size_t MinHeapDeltaBytes                        = 1048576                                   {product} {ergonomic}
   size_t MinHeapSize                              = 8388608                                   {product} {ergonomic}
    uintx NonNMethodCodeHeapSize                   = 5839372                                {pd product} {ergonomic}
    uintx NonProfiledCodeHeapSize                  = 122909434                              {pd product} {ergonomic}
    uintx ProfiledCodeHeapSize                     = 122909434                              {pd product} {ergonomic}
    uintx ReservedCodeCacheSize                    = 251658240                              {pd product} {ergonomic}
     bool SegmentedCodeCache                       = true                                      {product} {ergonomic}
   size_t SoftMaxHeapSize                          = 910163968                              {manageable} {ergonomic}
     bool UseCompressedOops                        = true                           {product lp64_product} {ergonomic}
     bool UseG1GC                                  = true                                      {product} {ergonomic}
     bool UseLargePagesIndividualAllocation        = false                                  {pd product} {ergonomic}

Logging:
Log output configuration:
 #0: stdout all=warning uptime,level,tags foldmultilines=false
 #1: stderr all=off uptime,level,tags foldmultilines=false

Environment Variables:
JAVA_HOME=C:\Program Files\Java\jdk-21
PATH=C:\Program Files\Common Files\Oracle\Java\javapath;C:\Program Files (x86)\VMware\VMware Player\bin\;C:\Windows\system32;C:\Windows;C:\Windows\System32\Wbem;C:\Windows\System32\WindowsPowerShell\v1.0\;C:\Windows\System32\OpenSSH\;C:\TDM-GCC-64\bin;C:\WINDOWS\system32;C:\WINDOWS;C:\WINDOWS\System32\Wbem;C:\WINDOWS\System32\WindowsPowerShell\v1.0\;C:\WINDOWS\System32\OpenSSH\;C:\Program Files\Microsoft SQL Server\150\Tools\Binn\;C:\Program Files\dotnet\;C:\Program Files (x86)\Microsoft SQL Server\160\Tools\Binn\;C:\Program Files\Microsoft SQL Server\160\Tools\Binn\;C:\Program Files\Microsoft SQL Server\Client SDK\ODBC\170\Tools\Binn\;C:\Program Files\Microsoft SQL Server\160\DTS\Binn\;C:\Program Files\Azure Data Studio\bin;C:\Program Files\nvm;C:\Program Files\nodejs;C:\Program Files\Git\cmd;C:\apache-maven-3.9.6\bin;C:\Program Files\MySQL\MySQL Shell 8.0\bin\;C:\Users\TCCom\AppData\Local\Microsoft\WindowsApps;C:\Users\TCCom\AppData\Local\Programs\Microsoft VS Code\bin;C:\Program Files\Azure Data Studio\bin;C:\Users\TCCom\AppData\Roaming\npm;C:\Program Files\nvm;C:\Program Files\nodejs
USERNAME=TCCom
OS=Windows_NT
PROCESSOR_IDENTIFIER=AMD64 Family 23 Model 24 Stepping 1, AuthenticAMD
TMP=C:\Users\TCCom\AppData\Local\Temp
TEMP=C:\Users\TCCom\AppData\Local\Temp




Periodic native trim disabled

---------------  S Y S T E M  ---------------

OS:
 Windows 11 , 64 bit Build 22621 (10.0.22621.3374)
OS uptime: 0 days 11:28 hours

CPU: total 8 (initial active 8) (8 cores per cpu, 2 threads per core) family 23 model 24 stepping 1 microcode 0x0, cx8, cmov, fxsr, ht, mmx, 3dnowpref, sse, sse2, sse3, ssse3, sse4a, sse4.1, sse4.2, popcnt, lzcnt, tsc, tscinvbit, avx, avx2, aes, clmul, bmi1, bmi2, adx, sha, fma, vzeroupper, clflush, clflushopt, rdtscp, f16c
Processor Information for all 8 processors :
  Max Mhz: 2100, Current Mhz: 2100, Mhz Limit: 2100

Memory: 4k page, system-wide physical 3470M (219M free)
TotalPageFile size 14222M (AvailPageFile size 1M)
current process WorkingSet (physical memory assigned to process): 23M, peak: 23M
current process commit charge ("private bytes"): 124M, peak: 124M

vm_info: Java HotSpot(TM) 64-Bit Server VM (21.0.2+13-LTS-58) for windows-amd64 JRE (21.0.2+13-LTS-58), built on 2024-01-05T18:32:24Z by "mach5one" with MS VC++ 17.1 (VS2022)

END.
