#
# There is insufficient memory for the Java Runtime Environment to continue.
# Native memory allocation (mmap) failed to map 130023424 bytes for G1 virtual space
# Possible reasons:
#   The system is out of physical RAM or swap space
#   The process is running with CompressedOops enabled, and the Java Heap may be blocking the growth of the native heap
# Possible solutions:
#   Reduce memory load on the system
#   Increase physical memory or swap space
#   Check if swap backing store is full
#   Decrease Java heap size (-Xmx/-Xms)
#   Decrease number of Java threads
#   Decrease Java thread stack sizes (-Xss)
#   Set larger code cache with -XX:ReservedCodeCacheSize=
#   JVM is running with Unscaled Compressed Oops mode in which the Java heap is
#     placed in the first 4GB address space. The Java Heap base address is the
#     maximum limit for the native heap growth. Please use -XX:HeapBaseMinAddress
#     to set the Java Heap base and to place the Java Heap above 4GB virtual address.
# This output file may be truncated or incomplete.
#
#  Out of Memory Error (os_windows.cpp:3600), pid=18448, tid=21488
#
# JRE version:  (21.0.2+13) (build )
# Java VM: OpenJDK 64-Bit Server VM (21.0.2+13-LTS, mixed mode, sharing, tiered, compressed oops, compressed class ptrs, g1 gc, windows-amd64)
# No core dump will be written. Minidumps are not enabled by default on client versions of Windows
#

---------------  S U M M A R Y ------------

Command Line: -Dfile.encoding=UTF-8 -Duser.country=US -Duser.language=en -Duser.variant store.App

Host: 11th Gen Intel(R) Core(TM) i5-1135G7 @ 2.40GHz, 8 cores, 7G,  Windows 11 , 64 bit Build 22621 (10.0.22621.3374)
Time: Tue Apr 16 15:41:11 2024 SE Asia Standard Time elapsed time: 0.045436 seconds (0d 0h 0m 0s)

---------------  T H R E A D  ---------------

Current thread (0x0000021b7092f910):  JavaThread "Unknown thread" [_thread_in_vm, id=21488, stack(0x000000d8d8400000,0x000000d8d8500000) (1024K)]

Stack: [0x000000d8d8400000,0x000000d8d8500000]
Native frames: (J=compiled Java code, j=interpreted, Vv=VM code, C=native code)
V  [jvm.dll+0x6c94f9]
V  [jvm.dll+0x8a3c21]
V  [jvm.dll+0x8a614e]
V  [jvm.dll+0x8a6823]
V  [jvm.dll+0x27fa86]
V  [jvm.dll+0x6c5c75]
V  [jvm.dll+0x6ba96a]
V  [jvm.dll+0x35398a]
V  [jvm.dll+0x35b536]
V  [jvm.dll+0x3ac6be]
V  [jvm.dll+0x3ac968]
V  [jvm.dll+0x327bcc]
V  [jvm.dll+0x32872b]
V  [jvm.dll+0x86ccf9]
V  [jvm.dll+0x3b96c1]
V  [jvm.dll+0x854ec8]
V  [jvm.dll+0x44d44e]
V  [jvm.dll+0x44eed1]
C  [jli.dll+0x5278]
C  [ucrtbase.dll+0x29333]
C  [KERNEL32.DLL+0x1257d]
C  [ntdll.dll+0x5aa48]


---------------  P R O C E S S  ---------------

Threads class SMR info:
_java_thread_list=0x00007ffe10c2f088, length=0, elements={
}

Java Threads: ( => current thread )
Total: 0

Other Threads:
  0x0000021b72c40220 WorkerThread "GC Thread#0"                     [id=23804, stack(0x000000d8d8500000,0x000000d8d8600000) (1024K)]
  0x0000021b72c51190 ConcurrentGCThread "G1 Main Marker"            [id=26332, stack(0x000000d8d8600000,0x000000d8d8700000) (1024K)]
  0x0000021b72c51c90 WorkerThread "G1 Conc#0"                       [id=22968, stack(0x000000d8d8700000,0x000000d8d8800000) (1024K)]

[error occurred during error reporting (printing all threads), id 0xc0000005, EXCEPTION_ACCESS_VIOLATION (0xc0000005) at pc=0x00007ffe1033a4f7]
VM state: not at safepoint (not fully initialized)

VM Mutex/Monitor currently owned by a thread:  ([mutex/lock_event])
[0x00007ffe10ca3298] Heap_lock - owner thread: 0x0000021b7092f910

Heap address: 0x0000000084400000, size: 1980 MB, Compressed Oops mode: 32-bit

CDS archive(s) mapped at: [0x0000000000000000-0x0000000000000000-0x0000000000000000), size 0, SharedBaseAddress: 0x0000000800000000, ArchiveRelocationMode: 1.
Narrow klass base: 0x0000000000000000, Narrow klass shift: 0, Narrow klass range: 0x0

GC Precious Log:
 CardTable entry size: 512
 Card Set container configuration: InlinePtr #cards 5 size 8 Array Of Cards #cards 12 size 40 Howl #buckets 4 coarsen threshold 1843 Howl Bitmap #cards 512 size 80 coarsen threshold 460 Card regions per heap region 1 cards per card region 2048

Heap:
 garbage-first heap   total 0K, used 0K [0x0000000084400000, 0x0000000100000000)
  region size 1024K, 0 young (0K), 0 survivors (0K)

[error occurred during error reporting (printing heap information), id 0xc0000005, EXCEPTION_ACCESS_VIOLATION (0xc0000005) at pc=0x00007ffe107223c9]
GC Heap History (0 events):
No events

Dll operation events (1 events):
Event: 0.028 Loaded shared library C:\Users\DELL\.gradle\jdks\eclipse_adoptium-21-amd64-windows\jdk-21.0.2+13\bin\java.dll

Deoptimization events (0 events):
No events

Classes loaded (0 events):
No events

Classes unloaded (0 events):
No events

Classes redefined (0 events):
No events

Internal exceptions (0 events):
No events

ZGC Phase Switch (0 events):
No events

VM Operations (0 events):
No events

Events (0 events):
No events


Dynamic libraries:
0x00007ff776190000 - 0x00007ff77619e000 	C:\Users\DELL\.gradle\jdks\eclipse_adoptium-21-amd64-windows\jdk-21.0.2+13\bin\java.exe
0x00007ffe8e650000 - 0x00007ffe8e866000 	C:\WINDOWS\SYSTEM32\ntdll.dll
0x00007ffe8d190000 - 0x00007ffe8d254000 	C:\WINDOWS\System32\KERNEL32.DLL
0x00007ffe8bc90000 - 0x00007ffe8c037000 	C:\WINDOWS\System32\KERNELBASE.dll
0x00007ffe8c040000 - 0x00007ffe8c151000 	C:\WINDOWS\System32\ucrtbase.dll
0x00007ffe6df10000 - 0x00007ffe6df28000 	C:\Users\DELL\.gradle\jdks\eclipse_adoptium-21-amd64-windows\jdk-21.0.2+13\bin\jli.dll
0x00007ffe8df70000 - 0x00007ffe8e11e000 	C:\WINDOWS\System32\USER32.dll
0x00007ffe8bc60000 - 0x00007ffe8bc86000 	C:\WINDOWS\System32\win32u.dll
0x00007ffe8df40000 - 0x00007ffe8df69000 	C:\WINDOWS\System32\GDI32.dll
0x00007ffe6de10000 - 0x00007ffe6de2b000 	C:\Users\DELL\.gradle\jdks\eclipse_adoptium-21-amd64-windows\jdk-21.0.2+13\bin\VCRUNTIME140.dll
0x00007ffe8b970000 - 0x00007ffe8ba89000 	C:\WINDOWS\System32\gdi32full.dll
0x00007ffe8bb50000 - 0x00007ffe8bbea000 	C:\WINDOWS\System32\msvcp_win.dll
0x00007ffe72ea0000 - 0x00007ffe73133000 	C:\WINDOWS\WinSxS\amd64_microsoft.windows.common-controls_6595b64144ccf1df_6.0.22621.3235_none_270f74e173860f98\COMCTL32.dll
0x00007ffe8cf20000 - 0x00007ffe8cfc7000 	C:\WINDOWS\System32\msvcrt.dll
0x00007ffe8d150000 - 0x00007ffe8d181000 	C:\WINDOWS\System32\IMM32.DLL
0x00007ffe6f200000 - 0x00007ffe6f20c000 	C:\Users\DELL\.gradle\jdks\eclipse_adoptium-21-amd64-windows\jdk-21.0.2+13\bin\vcruntime140_1.dll
0x00007ffe6d070000 - 0x00007ffe6d0fe000 	C:\Users\DELL\.gradle\jdks\eclipse_adoptium-21-amd64-windows\jdk-21.0.2+13\bin\msvcp140.dll
0x00007ffe10000000 - 0x00007ffe10d83000 	C:\Users\DELL\.gradle\jdks\eclipse_adoptium-21-amd64-windows\jdk-21.0.2+13\bin\server\jvm.dll
0x00007ffe8d460000 - 0x00007ffe8d512000 	C:\WINDOWS\System32\ADVAPI32.dll
0x00007ffe8c880000 - 0x00007ffe8c928000 	C:\WINDOWS\System32\sechost.dll
0x00007ffe8c350000 - 0x00007ffe8c378000 	C:\WINDOWS\System32\bcrypt.dll
0x00007ffe8ce00000 - 0x00007ffe8cf15000 	C:\WINDOWS\System32\RPCRT4.dll
0x00007ffe8d5d0000 - 0x00007ffe8d641000 	C:\WINDOWS\System32\WS2_32.dll
0x00007ffe8b840000 - 0x00007ffe8b88d000 	C:\WINDOWS\SYSTEM32\POWRPROF.dll
0x00007ffe82660000 - 0x00007ffe82694000 	C:\WINDOWS\SYSTEM32\WINMM.dll
0x00007ffe84540000 - 0x00007ffe8454a000 	C:\WINDOWS\SYSTEM32\VERSION.dll
0x00007ffe8b820000 - 0x00007ffe8b833000 	C:\WINDOWS\SYSTEM32\UMPDC.dll
0x00007ffe8a9b0000 - 0x00007ffe8a9c8000 	C:\WINDOWS\SYSTEM32\kernel.appcore.dll
0x00007ffe6ef80000 - 0x00007ffe6ef8a000 	C:\Users\DELL\.gradle\jdks\eclipse_adoptium-21-amd64-windows\jdk-21.0.2+13\bin\jimage.dll
0x00007ffe89230000 - 0x00007ffe89463000 	C:\WINDOWS\SYSTEM32\DBGHELP.DLL
0x00007ffe8c380000 - 0x00007ffe8c708000 	C:\WINDOWS\System32\combase.dll
0x00007ffe8d360000 - 0x00007ffe8d437000 	C:\WINDOWS\System32\OLEAUT32.dll
0x00007ffe69660000 - 0x00007ffe69692000 	C:\WINDOWS\SYSTEM32\dbgcore.DLL
0x00007ffe8c160000 - 0x00007ffe8c1d9000 	C:\WINDOWS\System32\bcryptPrimitives.dll
0x00007ffe6dc40000 - 0x00007ffe6dc5f000 	C:\Users\DELL\.gradle\jdks\eclipse_adoptium-21-amd64-windows\jdk-21.0.2+13\bin\java.dll

dbghelp: loaded successfully - version: 4.0.5 - missing functions: none
symbol engine: initialized successfully - sym options: 0x614 - pdb path: .;C:\Users\DELL\.gradle\jdks\eclipse_adoptium-21-amd64-windows\jdk-21.0.2+13\bin;C:\WINDOWS\SYSTEM32;C:\WINDOWS\WinSxS\amd64_microsoft.windows.common-controls_6595b64144ccf1df_6.0.22621.3235_none_270f74e173860f98;C:\Users\DELL\.gradle\jdks\eclipse_adoptium-21-amd64-windows\jdk-21.0.2+13\bin\server

VM Arguments:
jvm_args: -Dfile.encoding=UTF-8 -Duser.country=US -Duser.language=en -Duser.variant 
java_command: store.App
java_class_path (initial): D:\21126089(2)\MainProject\bookstorre\app\build\classes\java\main;D:\21126089(2)\MainProject\bookstorre\app\build\resources\main;C:\Users\DELL\.gradle\caches\modules-2\files-2.1\com.toedter\jcalendar\1.4\180cf82b37b0c1324e7de33bd0114be7d86678cd\jcalendar-1.4.jar;C:\Users\DELL\.gradle\caches\modules-2\files-2.1\org.jfree\jfreechart\1.5.3\26c6d7143d8a905a54c7e2296cea6ce4c5ecb417\jfreechart-1.5.3.jar;C:\Users\DELL\.gradle\caches\modules-2\files-2.1\mysql\mysql-connector-java\8.0.23\14d64ac509adccaff444513c12646d93e4ed8be8\mysql-connector-java-8.0.23.jar;C:\Users\DELL\.gradle\caches\modules-2\files-2.1\com.google.guava\guava\32.1.1-jre\ad575652d84153075dd41ec6177ccb15251262b2\guava-32.1.1-jre.jar;C:\Users\DELL\.gradle\caches\modules-2\files-2.1\com.formdev\flatlaf\1.6\8057260b08a5340bac2aeab02eab6034569d03ec\flatlaf-1.6.jar;C:\Users\DELL\.gradle\caches\modules-2\files-2.1\com.miglayout\miglayout-swing\5.0\7b4c4d92002459e68e8f115b9ae8a774b2660490\miglayout-swing-5.0.jar;C:\Users\DELL\.gradle\caches\modules-2\files-2.1\com.kenai.nbpwr\org-jdesktop-animation-timing\1.0-201002281504\88d9026fb53e331e6d106e15cf2567f91df508c3\org-jdesktop-animation-timing-1.0-201002281504.nbm;C:\Users\DELL\.gradle\caches\modules-2\files-2.1\com.google.protobuf\protobuf-java\3.11.4\7ec0925cc3aef0335bbc7d57edfd42b0f86f8267\protobuf-java-3.11.4.jar;C:\Users\DELL\.gradle\caches\modules-2\files-2.1\com.google.guava\failureaccess\1.0.1\1dcf1de382a0bf95a3d8b0849546c88bac1292c9\failureaccess-1.0.1.jar;C:\Users\DELL\.gradle\caches\modules-2\files-2.1\com.google.code.findbugs\jsr305\3.0.2\25ea2e8b0c338a877313bd4672d3fe056ea78f0d\jsr305-3.0.2.jar;C:\Users\DELL\.gradle\caches\modules-2\files-2.1\org.checkerframework\checker-qual\3.33.0\de2b60b62da487644fc11f734e73c8b0b431238f\checker-qual-3.33.0.jar;C:\Users\DELL\.gradle\caches\modules-2\files-2.1\com.google.errorprone\error_prone_annotations\2.18.0\89b684257096f548fa39a7df9fdaa409d4d4df91\error_prone_annotations-2.18.0.jar;C:\Users\DELL\.gradle\caches\modules-2\files-2.1\com.miglayout\miglayout-core\5.0\956daa1576bccb24e727ab75540b078171c7c432\miglayout-core-5.0.jar;C:\Users\DELL\.gradle\caches\modules-2\files-2.1\net.java.dev.timingframework\timingframework\1.0\2c12a328bfd82ddb0c4389e915229ea3df1740b8\timingframework-1.0.jar
Launcher Type: SUN_STANDARD

[Global flags]
     intx CICompilerCount                          = 4                                         {product} {ergonomic}
     uint ConcGCThreads                            = 2                                         {product} {ergonomic}
     uint G1ConcRefinementThreads                  = 8                                         {product} {ergonomic}
   size_t G1HeapRegionSize                         = 1048576                                   {product} {ergonomic}
    uintx GCDrainStackTargetSize                   = 64                                        {product} {ergonomic}
   size_t InitialHeapSize                          = 130023424                                 {product} {ergonomic}
   size_t MarkStackSize                            = 4194304                                   {product} {ergonomic}
   size_t MaxHeapSize                              = 2076180480                                {product} {ergonomic}
   size_t MinHeapDeltaBytes                        = 1048576                                   {product} {ergonomic}
   size_t MinHeapSize                              = 8388608                                   {product} {ergonomic}
    uintx NonNMethodCodeHeapSize                   = 5839372                                {pd product} {ergonomic}
    uintx NonProfiledCodeHeapSize                  = 122909434                              {pd product} {ergonomic}
    uintx ProfiledCodeHeapSize                     = 122909434                              {pd product} {ergonomic}
    uintx ReservedCodeCacheSize                    = 251658240                              {pd product} {ergonomic}
     bool SegmentedCodeCache                       = true                                      {product} {ergonomic}
   size_t SoftMaxHeapSize                          = 2076180480                             {manageable} {ergonomic}
     bool UseCompressedOops                        = true                           {product lp64_product} {ergonomic}
     bool UseG1GC                                  = true                                      {product} {ergonomic}
     bool UseLargePagesIndividualAllocation        = false                                  {pd product} {ergonomic}

Logging:
Log output configuration:
 #0: stdout all=warning uptime,level,tags foldmultilines=false
 #1: stderr all=off uptime,level,tags foldmultilines=false

Environment Variables:
JAVA_HOME=C:\Program Files\Java\jdk-20.0.2
PATH=C:\Program Files (x86)\VMware\VMware Workstation\bin\;C:\WINDOWS\system32;C:\WINDOWS;C:\WINDOWS\System32\Wbem;C:\WINDOWS\System32\WindowsPowerShell\v1.0\;C:\WINDOWS\System32\OpenSSH\;C:\Program Files\dotnet\;C:\MinGW\bin;C:\Program Files\Git\cmd;C:\ProgramData\chocolatey\bin;C:\Program Files\nvm;C:\Program Files\nodejs;C:\Program Files\swipl\bin;C:\Program Files (x86)\Microsoft SQL Server\160\Tools\Binn\;C:\Program Files\Microsoft SQL Server\160\Tools\Binn\;C:\Program Files\Microsoft SQL Server\Client SDK\ODBC\170\Tools\Binn\;C:\Program Files\Microsoft SQL Server\160\DTS\Binn\;C:\Program Files\Java\jdk-20\bin;C:\Program Files (x86)\Microsoft SQL Server\160\DTS\Binn\;C:\Program Files\Azure Data Studio\bin;C:\Program Files\MySQL\MySQL Shell 8.0\bin\;C:\Users\DELL\AppData\Local\Programs\Python\Python311\Scripts\;C:\Users\DELL\AppData\Local\Programs\Python\Python311\;C:\Program Files (x86)\VMware\VMware Workstation\bin\;C:\Program Files (x86)\Common Files\Oracle\Java\javapath;C:\WINDOWS\system32;C:\WINDOWS;C:\WINDOWS\System32\Wbem;C:\WINDOWS\System32\WindowsPowerShell\v1.0\;C:\WINDOWS\System32\OpenSSH\;C:\Program Files\dotnet\;C:\MinGW\bin;C:\Program Files\Git\cmd;C:\Program Files\Cloudflare\Cloudflare WARP\;C:\ProgramData\chocolatey\bin;C:\Program Files\nvm;C:\Program Files\nodejs;C:\Users\DELL\AppData\Local\Microsoft\WindowsApps;C:\Users\DELL\.dotnet\tools;C:\Users\DELL\AppData\Local\Programs\Microsoft VS Code\bin;C:\Users\DELL\AppData\Local\GitHubDesktop\bin;C:\Program Files (x86)\MongoDB Atlas CLI\;C:\Program Files\nvm;C:\Program Files\nodejs;C:\Program Files\nvm\v16.0.0;C:\Program Files\Azure Data Studio\bin
USERNAME=DELL
OS=Windows_NT
PROCESSOR_IDENTIFIER=Intel64 Family 6 Model 140 Stepping 1, GenuineIntel
TMP=C:\Users\DELL\AppData\Local\Temp
TEMP=C:\Users\DELL\AppData\Local\Temp




Periodic native trim disabled

---------------  S Y S T E M  ---------------

OS:
 Windows 11 , 64 bit Build 22621 (10.0.22621.3374)
OS uptime: 5 days 2:37 hours

CPU: total 8 (initial active 8) (4 cores per cpu, 2 threads per core) family 6 model 140 stepping 1 microcode 0xb4, cx8, cmov, fxsr, ht, mmx, 3dnowpref, sse, sse2, sse3, ssse3, sse4.1, sse4.2, popcnt, lzcnt, tsc, tscinvbit, avx, avx2, aes, erms, clmul, bmi1, bmi2, adx, avx512f, avx512dq, avx512cd, avx512bw, avx512vl, sha, fma, vzeroupper, avx512_vpopcntdq, avx512_vpclmulqdq, avx512_vaes, avx512_vnni, clflush, clflushopt, clwb, avx512_vbmi2, avx512_vbmi, rdtscp, rdpid, fsrm, gfni, avx512_bitalg, f16c, pku, cet_ibt, cet_ss, avx512_ifma
Processor Information for all 8 processors :
  Max Mhz: 2419, Current Mhz: 2419, Mhz Limit: 2419

Memory: 4k page, system-wide physical 7914M (489M free)
TotalPageFile size 20424M (AvailPageFile size 94M)
current process WorkingSet (physical memory assigned to process): 11M, peak: 11M
current process commit charge ("private bytes"): 60M, peak: 184M

vm_info: OpenJDK 64-Bit Server VM (21.0.2+13-LTS) for windows-amd64 JRE (21.0.2+13-LTS), built on 2024-01-16T00:00:00Z by "admin" with unknown MS VC++:1937

END.
