#
# There is insufficient memory for the Java Runtime Environment to continue.
# Native memory allocation (malloc) failed to allocate 1264656 bytes. Error detail: Chunk::new
# Possible reasons:
#   The system is out of physical RAM or swap space
#   This process is running with CompressedOops enabled, and the Java Heap may be blocking the growth of the native heap
# Possible solutions:
#   Reduce memory load on the system
#   Increase physical memory or swap space
#   Check if swap backing store is full
#   Decrease Java heap size (-Xmx/-Xms)
#   Decrease number of Java threads
#   Decrease Java thread stack sizes (-Xss)
#   Set larger code cache with -XX:ReservedCodeCacheSize=
#   JVM is running with Unscaled Compressed Oops mode in which the Java heap is
#     placed in the first 4GB address space. The Java Heap base address is the
#     maximum limit for the native heap growth. Please use -XX:HeapBaseMinAddress
#     to set the Java Heap base and to place the Java Heap above 4GB virtual address.
# This output file may be truncated or incomplete.
#
#  Out of Memory Error (arena.cpp:150), pid=23320, tid=15472
#
# JRE version: Java(TM) SE Runtime Environment (22.0+36) (build 22+36-2370)
# Java VM: Java HotSpot(TM) 64-Bit Server VM (22+36-2370, mixed mode, sharing, tiered, compressed oops, compressed class ptrs, g1 gc, windows-amd64)
# No core dump will be written. Minidumps are not enabled by default on client versions of Windows
#

---------------  S U M M A R Y ------------

Command Line: -Dfile.encoding=UTF-8 --module-path=D:\21126089(2)\BookStore-Management\UI-Admin\build\classes com.raven.main.Main

Host: 11th Gen Intel(R) Core(TM) i5-1135G7 @ 2.40GHz, 8 cores, 7G,  Windows 11 , 64 bit Build 22621 (10.0.22621.3235)
Time: Tue Apr  9 08:46:42 2024 SE Asia Standard Time elapsed time: 1.280763 seconds (0d 0h 0m 1s)

---------------  T H R E A D  ---------------

Current thread (0x000001f7282a6cf0):  JavaThread "C2 CompilerThread0" daemon [_thread_in_native, id=15472, stack(0x0000004fc0800000,0x0000004fc0900000) (1024K)]


Current CompileTask:
C2:1280 1272 %     4       sun.java2d.marlin.Renderer::_endRendering @ 808 (2646 bytes)

Stack: [0x0000004fc0800000,0x0000004fc0900000]
Native frames: (J=compiled Java code, j=interpreted, Vv=VM code, C=native code)
V  [jvm.dll+0x6e2349]  (no source info available)
V  [jvm.dll+0x874ed3]  (no source info available)
V  [jvm.dll+0x8772fe]  (no source info available)
V  [jvm.dll+0x8779d3]  (no source info available)
V  [jvm.dll+0x27fcb6]  (no source info available)
V  [jvm.dll+0xc3d0f]  (no source info available)
V  [jvm.dll+0xc3f6b]  (no source info available)
V  [jvm.dll+0x3bb022]  (no source info available)
V  [jvm.dll+0x1df86e]  (no source info available)
V  [jvm.dll+0x247a4c]  (no source info available)
V  [jvm.dll+0x246faf]  (no source info available)
V  [jvm.dll+0x1c4e90]  (no source info available)
V  [jvm.dll+0x25699e]  (no source info available)
V  [jvm.dll+0x254c5a]  (no source info available)
V  [jvm.dll+0x3f5426]  (no source info available)
V  [jvm.dll+0x81d50b]  (no source info available)
V  [jvm.dll+0x6e09e5]  (no source info available)
C  [ucrtbase.dll+0x29363]  (no source info available)
C  [KERNEL32.DLL+0x1257d]  (no source info available)
C  [ntdll.dll+0x5aa58]  (no source info available)


---------------  P R O C E S S  ---------------

Threads class SMR info:
_java_thread_list=0x000001f76ee4fc20, length=17, elements={
0x000001f72828e2b0, 0x000001f72828efd0, 0x000001f728294500, 0x000001f7282953f0,
0x000001f728295e50, 0x000001f7282a1080, 0x000001f7282a6cf0, 0x000001f7282a8f50,
0x000001f7284c4080, 0x000001f7285f2690, 0x000001f7286e7180, 0x000001f7286e8830,
0x000001f7286eb170, 0x000001f7287fdf60, 0x000001f70bb49840, 0x000001f728702b40,
0x000001f76ee42330
}

Java Threads: ( => current thread )
  0x000001f72828e2b0 JavaThread "Reference Handler"          daemon [_thread_blocked, id=10036, stack(0x0000004fc0200000,0x0000004fc0300000) (1024K)]
  0x000001f72828efd0 JavaThread "Finalizer"                  daemon [_thread_blocked, id=21408, stack(0x0000004fc0300000,0x0000004fc0400000) (1024K)]
  0x000001f728294500 JavaThread "Signal Dispatcher"          daemon [_thread_blocked, id=18672, stack(0x0000004fc0400000,0x0000004fc0500000) (1024K)]
  0x000001f7282953f0 JavaThread "Attach Listener"            daemon [_thread_blocked, id=13436, stack(0x0000004fc0500000,0x0000004fc0600000) (1024K)]
  0x000001f728295e50 JavaThread "Service Thread"             daemon [_thread_blocked, id=1532, stack(0x0000004fc0600000,0x0000004fc0700000) (1024K)]
  0x000001f7282a1080 JavaThread "Monitor Deflation Thread"   daemon [_thread_blocked, id=16908, stack(0x0000004fc0700000,0x0000004fc0800000) (1024K)]
=>0x000001f7282a6cf0 JavaThread "C2 CompilerThread0"         daemon [_thread_in_native, id=15472, stack(0x0000004fc0800000,0x0000004fc0900000) (1024K)]
  0x000001f7282a8f50 JavaThread "C1 CompilerThread0"         daemon [_thread_blocked, id=11328, stack(0x0000004fc0900000,0x0000004fc0a00000) (1024K)]
  0x000001f7284c4080 JavaThread "Common-Cleaner"             daemon [_thread_blocked, id=10216, stack(0x0000004fc0a00000,0x0000004fc0b00000) (1024K)]
  0x000001f7285f2690 JavaThread "Notification Thread"        daemon [_thread_blocked, id=20676, stack(0x0000004fc0b00000,0x0000004fc0c00000) (1024K)]
  0x000001f7286e7180 JavaThread "Java2D Disposer"            daemon [_thread_blocked, id=13580, stack(0x0000004fc0c00000,0x0000004fc0d00000) (1024K)]
  0x000001f7286e8830 JavaThread "AWT-Shutdown"                      [_thread_blocked, id=22860, stack(0x0000004fc0d00000,0x0000004fc0e00000) (1024K)]
  0x000001f7286eb170 JavaThread "AWT-Windows"                daemon [_thread_in_native, id=22416, stack(0x0000004fc0e00000,0x0000004fc0f00000) (1024K)]
  0x000001f7287fdf60 JavaThread "AWT-EventQueue-0"                  [_thread_blocked, id=8644, stack(0x0000004fc0f00000,0x0000004fc1000000) (1024K)]
  0x000001f70bb49840 JavaThread "DestroyJavaVM"                     [_thread_blocked, id=10932, stack(0x0000004fbfa00000,0x0000004fbfb00000) (1024K)]
  0x000001f728702b40 JavaThread "Image Fetcher 0"            daemon [_thread_blocked, id=23964, stack(0x0000004fc1000000,0x0000004fc1100000) (1024K)]
  0x000001f76ee42330 JavaThread "TimerQueue"                 daemon [_thread_blocked, id=20740, stack(0x0000004fc1400000,0x0000004fc1500000) (1024K)]
Total: 17

Other Threads:
  0x000001f728275ce0 VMThread "VM Thread"                           [id=10872, stack(0x0000004fc0100000,0x0000004fc0200000) (1024K)]
  0x000001f72825aca0 WatcherThread "VM Periodic Task Thread"        [id=14232, stack(0x0000004fc0000000,0x0000004fc0100000) (1024K)]
  0x000001f70bb9f780 WorkerThread "GC Thread#0"                     [id=18316, stack(0x0000004fbfb00000,0x0000004fbfc00000) (1024K)]
  0x000001f70bbb0830 ConcurrentGCThread "G1 Main Marker"            [id=10268, stack(0x0000004fbfc00000,0x0000004fbfd00000) (1024K)]
  0x000001f70bbb19e0 WorkerThread "G1 Conc#0"                       [id=22156, stack(0x0000004fbfd00000,0x0000004fbfe00000) (1024K)]
  0x000001f70bc0e4e0 ConcurrentGCThread "G1 Refine#0"               [id=12132, stack(0x0000004fbfe00000,0x0000004fbff00000) (1024K)]
  0x000001f72812d130 ConcurrentGCThread "G1 Service"                [id=21428, stack(0x0000004fbff00000,0x0000004fc0000000) (1024K)]
Total: 7

Threads with active compile tasks:
C2 CompilerThread0  1331 1272 %     4       sun.java2d.marlin.Renderer::_endRendering @ 808 (2646 bytes)
Total: 1

VM state: not at safepoint (normal execution)

VM Mutex/Monitor currently owned by a thread: None

Heap address: 0x0000000084400000, size: 1980 MB, Compressed Oops mode: 32-bit

CDS archive(s) mapped at: [0x000001f729000000-0x000001f729c60000-0x000001f729c60000), size 12976128, SharedBaseAddress: 0x000001f729000000, ArchiveRelocationMode: 1.
Compressed class space mapped at: 0x000001f72a000000-0x000001f76a000000, reserved size: 1073741824
Narrow klass base: 0x000001f729000000, Narrow klass shift: 0, Narrow klass range: 0x41000000

GC Precious Log:
 CardTable entry size: 512
 Card Set container configuration: InlinePtr #cards 5 size 8 Array Of Cards #cards 12 size 40 Howl #buckets 4 coarsen threshold 1843 Howl Bitmap #cards 512 size 80 coarsen threshold 460 Card regions per heap region 1 cards per card region 2048
 CPUs: 8 total, 8 available
 Memory: 7914M
 Large Page Support: Disabled
 NUMA Support: Disabled
 Compressed Oops: Enabled (32-bit)
 Heap Region Size: 1M
 Heap Min Capacity: 8M
 Heap Initial Capacity: 124M
 Heap Max Capacity: 1980M
 Pre-touch: Disabled
 Parallel Workers: 8
 Concurrent Workers: 2
 Concurrent Refinement Workers: 8
 Periodic GC: Disabled

Heap:
 garbage-first heap   total reserved 2027520K, committed 126976K, used 18432K [0x0000000084400000, 0x0000000100000000)
  region size 1024K, 12 young (12288K), 0 survivors (0K)
 Metaspace       used 11196K, committed 11456K, reserved 1114112K
  class space    used 1419K, committed 1536K, reserved 1048576K

Heap Regions: E=young(eden), S=young(survivor), O=old, HS=humongous(starts), HC=humongous(continues), CS=collection set, F=free, TAMS=top-at-mark-start, PB=parsable bottom
|   0|0x0000000084400000, 0x0000000084500000, 0x0000000084500000|100%|HS|  |TAMS 0x0000000084400000| PB 0x0000000084400000| Complete |  0
|   1|0x0000000084500000, 0x0000000084600000, 0x0000000084600000|100%|HC|  |TAMS 0x0000000084500000| PB 0x0000000084500000| Complete |  0
|   2|0x0000000084600000, 0x0000000084700000, 0x0000000084700000|100%|HC|  |TAMS 0x0000000084600000| PB 0x0000000084600000| Complete |  0
|   3|0x0000000084700000, 0x0000000084800000, 0x0000000084800000|100%|HC|  |TAMS 0x0000000084700000| PB 0x0000000084700000| Complete |  0
|   4|0x0000000084800000, 0x0000000084900000, 0x0000000084900000|100%|HC|  |TAMS 0x0000000084800000| PB 0x0000000084800000| Complete |  0
|   5|0x0000000084900000, 0x0000000084a00000, 0x0000000084a00000|100%|HC|  |TAMS 0x0000000084900000| PB 0x0000000084900000| Complete |  0
|   6|0x0000000084a00000, 0x0000000084b00000, 0x0000000084b00000|100%|HC|  |TAMS 0x0000000084a00000| PB 0x0000000084a00000| Complete |  0
|   7|0x0000000084b00000, 0x0000000084b00000, 0x0000000084c00000|  0%| F|  |TAMS 0x0000000084b00000| PB 0x0000000084b00000| Untracked |  0
|   8|0x0000000084c00000, 0x0000000084c00000, 0x0000000084d00000|  0%| F|  |TAMS 0x0000000084c00000| PB 0x0000000084c00000| Untracked |  0
|   9|0x0000000084d00000, 0x0000000084d00000, 0x0000000084e00000|  0%| F|  |TAMS 0x0000000084d00000| PB 0x0000000084d00000| Untracked |  0
|  10|0x0000000084e00000, 0x0000000084e00000, 0x0000000084f00000|  0%| F|  |TAMS 0x0000000084e00000| PB 0x0000000084e00000| Untracked |  0
|  11|0x0000000084f00000, 0x0000000084f00000, 0x0000000085000000|  0%| F|  |TAMS 0x0000000084f00000| PB 0x0000000084f00000| Untracked |  0
|  12|0x0000000085000000, 0x0000000085000000, 0x0000000085100000|  0%| F|  |TAMS 0x0000000085000000| PB 0x0000000085000000| Untracked |  0
|  13|0x0000000085100000, 0x0000000085100000, 0x0000000085200000|  0%| F|  |TAMS 0x0000000085100000| PB 0x0000000085100000| Untracked |  0
|  14|0x0000000085200000, 0x0000000085200000, 0x0000000085300000|  0%| F|  |TAMS 0x0000000085200000| PB 0x0000000085200000| Untracked |  0
|  15|0x0000000085300000, 0x0000000085300000, 0x0000000085400000|  0%| F|  |TAMS 0x0000000085300000| PB 0x0000000085300000| Untracked |  0
|  16|0x0000000085400000, 0x0000000085400000, 0x0000000085500000|  0%| F|  |TAMS 0x0000000085400000| PB 0x0000000085400000| Untracked |  0
|  17|0x0000000085500000, 0x0000000085500000, 0x0000000085600000|  0%| F|  |TAMS 0x0000000085500000| PB 0x0000000085500000| Untracked |  0
|  18|0x0000000085600000, 0x0000000085600000, 0x0000000085700000|  0%| F|  |TAMS 0x0000000085600000| PB 0x0000000085600000| Untracked |  0
|  19|0x0000000085700000, 0x0000000085700000, 0x0000000085800000|  0%| F|  |TAMS 0x0000000085700000| PB 0x0000000085700000| Untracked |  0
|  20|0x0000000085800000, 0x0000000085800000, 0x0000000085900000|  0%| F|  |TAMS 0x0000000085800000| PB 0x0000000085800000| Untracked |  0
|  21|0x0000000085900000, 0x0000000085900000, 0x0000000085a00000|  0%| F|  |TAMS 0x0000000085900000| PB 0x0000000085900000| Untracked |  0
|  22|0x0000000085a00000, 0x0000000085a00000, 0x0000000085b00000|  0%| F|  |TAMS 0x0000000085a00000| PB 0x0000000085a00000| Untracked |  0
|  23|0x0000000085b00000, 0x0000000085b00000, 0x0000000085c00000|  0%| F|  |TAMS 0x0000000085b00000| PB 0x0000000085b00000| Untracked |  0
|  24|0x0000000085c00000, 0x0000000085c00000, 0x0000000085d00000|  0%| F|  |TAMS 0x0000000085c00000| PB 0x0000000085c00000| Untracked |  0
|  25|0x0000000085d00000, 0x0000000085d00000, 0x0000000085e00000|  0%| F|  |TAMS 0x0000000085d00000| PB 0x0000000085d00000| Untracked |  0
|  26|0x0000000085e00000, 0x0000000085e00000, 0x0000000085f00000|  0%| F|  |TAMS 0x0000000085e00000| PB 0x0000000085e00000| Untracked |  0
|  27|0x0000000085f00000, 0x0000000085f00000, 0x0000000086000000|  0%| F|  |TAMS 0x0000000085f00000| PB 0x0000000085f00000| Untracked |  0
|  28|0x0000000086000000, 0x0000000086000000, 0x0000000086100000|  0%| F|  |TAMS 0x0000000086000000| PB 0x0000000086000000| Untracked |  0
|  29|0x0000000086100000, 0x0000000086100000, 0x0000000086200000|  0%| F|  |TAMS 0x0000000086100000| PB 0x0000000086100000| Untracked |  0
|  30|0x0000000086200000, 0x0000000086200000, 0x0000000086300000|  0%| F|  |TAMS 0x0000000086200000| PB 0x0000000086200000| Untracked |  0
|  31|0x0000000086300000, 0x0000000086300000, 0x0000000086400000|  0%| F|  |TAMS 0x0000000086300000| PB 0x0000000086300000| Untracked |  0
|  32|0x0000000086400000, 0x0000000086400000, 0x0000000086500000|  0%| F|  |TAMS 0x0000000086400000| PB 0x0000000086400000| Untracked |  0
|  33|0x0000000086500000, 0x0000000086500000, 0x0000000086600000|  0%| F|  |TAMS 0x0000000086500000| PB 0x0000000086500000| Untracked |  0
|  34|0x0000000086600000, 0x0000000086600000, 0x0000000086700000|  0%| F|  |TAMS 0x0000000086600000| PB 0x0000000086600000| Untracked |  0
|  35|0x0000000086700000, 0x0000000086700000, 0x0000000086800000|  0%| F|  |TAMS 0x0000000086700000| PB 0x0000000086700000| Untracked |  0
|  36|0x0000000086800000, 0x0000000086800000, 0x0000000086900000|  0%| F|  |TAMS 0x0000000086800000| PB 0x0000000086800000| Untracked |  0
|  37|0x0000000086900000, 0x0000000086900000, 0x0000000086a00000|  0%| F|  |TAMS 0x0000000086900000| PB 0x0000000086900000| Untracked |  0
|  38|0x0000000086a00000, 0x0000000086a00000, 0x0000000086b00000|  0%| F|  |TAMS 0x0000000086a00000| PB 0x0000000086a00000| Untracked |  0
|  39|0x0000000086b00000, 0x0000000086b00000, 0x0000000086c00000|  0%| F|  |TAMS 0x0000000086b00000| PB 0x0000000086b00000| Untracked |  0
|  40|0x0000000086c00000, 0x0000000086c00000, 0x0000000086d00000|  0%| F|  |TAMS 0x0000000086c00000| PB 0x0000000086c00000| Untracked |  0
|  41|0x0000000086d00000, 0x0000000086d00000, 0x0000000086e00000|  0%| F|  |TAMS 0x0000000086d00000| PB 0x0000000086d00000| Untracked |  0
|  42|0x0000000086e00000, 0x0000000086e00000, 0x0000000086f00000|  0%| F|  |TAMS 0x0000000086e00000| PB 0x0000000086e00000| Untracked |  0
|  43|0x0000000086f00000, 0x0000000086f00000, 0x0000000087000000|  0%| F|  |TAMS 0x0000000086f00000| PB 0x0000000086f00000| Untracked |  0
|  44|0x0000000087000000, 0x0000000087000000, 0x0000000087100000|  0%| F|  |TAMS 0x0000000087000000| PB 0x0000000087000000| Untracked |  0
|  45|0x0000000087100000, 0x0000000087100000, 0x0000000087200000|  0%| F|  |TAMS 0x0000000087100000| PB 0x0000000087100000| Untracked |  0
|  46|0x0000000087200000, 0x0000000087200000, 0x0000000087300000|  0%| F|  |TAMS 0x0000000087200000| PB 0x0000000087200000| Untracked |  0
|  47|0x0000000087300000, 0x0000000087300000, 0x0000000087400000|  0%| F|  |TAMS 0x0000000087300000| PB 0x0000000087300000| Untracked |  0
|  48|0x0000000087400000, 0x0000000087400000, 0x0000000087500000|  0%| F|  |TAMS 0x0000000087400000| PB 0x0000000087400000| Untracked |  0
|  49|0x0000000087500000, 0x0000000087500000, 0x0000000087600000|  0%| F|  |TAMS 0x0000000087500000| PB 0x0000000087500000| Untracked |  0
|  50|0x0000000087600000, 0x0000000087600000, 0x0000000087700000|  0%| F|  |TAMS 0x0000000087600000| PB 0x0000000087600000| Untracked |  0
|  51|0x0000000087700000, 0x0000000087700000, 0x0000000087800000|  0%| F|  |TAMS 0x0000000087700000| PB 0x0000000087700000| Untracked |  0
|  52|0x0000000087800000, 0x0000000087800000, 0x0000000087900000|  0%| F|  |TAMS 0x0000000087800000| PB 0x0000000087800000| Untracked |  0
|  53|0x0000000087900000, 0x0000000087900000, 0x0000000087a00000|  0%| F|  |TAMS 0x0000000087900000| PB 0x0000000087900000| Untracked |  0
|  54|0x0000000087a00000, 0x0000000087a00000, 0x0000000087b00000|  0%| F|  |TAMS 0x0000000087a00000| PB 0x0000000087a00000| Untracked |  0
|  55|0x0000000087b00000, 0x0000000087b00000, 0x0000000087c00000|  0%| F|  |TAMS 0x0000000087b00000| PB 0x0000000087b00000| Untracked |  0
|  56|0x0000000087c00000, 0x0000000087c00000, 0x0000000087d00000|  0%| F|  |TAMS 0x0000000087c00000| PB 0x0000000087c00000| Untracked |  0
|  57|0x0000000087d00000, 0x0000000087d00000, 0x0000000087e00000|  0%| F|  |TAMS 0x0000000087d00000| PB 0x0000000087d00000| Untracked |  0
|  58|0x0000000087e00000, 0x0000000087e00000, 0x0000000087f00000|  0%| F|  |TAMS 0x0000000087e00000| PB 0x0000000087e00000| Untracked |  0
|  59|0x0000000087f00000, 0x0000000087f00000, 0x0000000088000000|  0%| F|  |TAMS 0x0000000087f00000| PB 0x0000000087f00000| Untracked |  0
|  60|0x0000000088000000, 0x0000000088000000, 0x0000000088100000|  0%| F|  |TAMS 0x0000000088000000| PB 0x0000000088000000| Untracked |  0
|  61|0x0000000088100000, 0x0000000088100000, 0x0000000088200000|  0%| F|  |TAMS 0x0000000088100000| PB 0x0000000088100000| Untracked |  0
|  62|0x0000000088200000, 0x0000000088200000, 0x0000000088300000|  0%| F|  |TAMS 0x0000000088200000| PB 0x0000000088200000| Untracked |  0
|  63|0x0000000088300000, 0x0000000088300000, 0x0000000088400000|  0%| F|  |TAMS 0x0000000088300000| PB 0x0000000088300000| Untracked |  0
|  64|0x0000000088400000, 0x0000000088400000, 0x0000000088500000|  0%| F|  |TAMS 0x0000000088400000| PB 0x0000000088400000| Untracked |  0
|  65|0x0000000088500000, 0x0000000088500000, 0x0000000088600000|  0%| F|  |TAMS 0x0000000088500000| PB 0x0000000088500000| Untracked |  0
|  66|0x0000000088600000, 0x0000000088600000, 0x0000000088700000|  0%| F|  |TAMS 0x0000000088600000| PB 0x0000000088600000| Untracked |  0
|  67|0x0000000088700000, 0x0000000088700000, 0x0000000088800000|  0%| F|  |TAMS 0x0000000088700000| PB 0x0000000088700000| Untracked |  0
|  68|0x0000000088800000, 0x0000000088800000, 0x0000000088900000|  0%| F|  |TAMS 0x0000000088800000| PB 0x0000000088800000| Untracked |  0
|  69|0x0000000088900000, 0x0000000088900000, 0x0000000088a00000|  0%| F|  |TAMS 0x0000000088900000| PB 0x0000000088900000| Untracked |  0
|  70|0x0000000088a00000, 0x0000000088a00000, 0x0000000088b00000|  0%| F|  |TAMS 0x0000000088a00000| PB 0x0000000088a00000| Untracked |  0
|  71|0x0000000088b00000, 0x0000000088b00000, 0x0000000088c00000|  0%| F|  |TAMS 0x0000000088b00000| PB 0x0000000088b00000| Untracked |  0
|  72|0x0000000088c00000, 0x0000000088c00000, 0x0000000088d00000|  0%| F|  |TAMS 0x0000000088c00000| PB 0x0000000088c00000| Untracked |  0
|  73|0x0000000088d00000, 0x0000000088d00000, 0x0000000088e00000|  0%| F|  |TAMS 0x0000000088d00000| PB 0x0000000088d00000| Untracked |  0
|  74|0x0000000088e00000, 0x0000000088e00000, 0x0000000088f00000|  0%| F|  |TAMS 0x0000000088e00000| PB 0x0000000088e00000| Untracked |  0
|  75|0x0000000088f00000, 0x0000000088f00000, 0x0000000089000000|  0%| F|  |TAMS 0x0000000088f00000| PB 0x0000000088f00000| Untracked |  0
|  76|0x0000000089000000, 0x0000000089000000, 0x0000000089100000|  0%| F|  |TAMS 0x0000000089000000| PB 0x0000000089000000| Untracked |  0
|  77|0x0000000089100000, 0x0000000089100000, 0x0000000089200000|  0%| F|  |TAMS 0x0000000089100000| PB 0x0000000089100000| Untracked |  0
|  78|0x0000000089200000, 0x0000000089200000, 0x0000000089300000|  0%| F|  |TAMS 0x0000000089200000| PB 0x0000000089200000| Untracked |  0
|  79|0x0000000089300000, 0x0000000089300000, 0x0000000089400000|  0%| F|  |TAMS 0x0000000089300000| PB 0x0000000089300000| Untracked |  0
|  80|0x0000000089400000, 0x0000000089400000, 0x0000000089500000|  0%| F|  |TAMS 0x0000000089400000| PB 0x0000000089400000| Untracked |  0
|  81|0x0000000089500000, 0x0000000089500000, 0x0000000089600000|  0%| F|  |TAMS 0x0000000089500000| PB 0x0000000089500000| Untracked |  0
|  82|0x0000000089600000, 0x0000000089600000, 0x0000000089700000|  0%| F|  |TAMS 0x0000000089600000| PB 0x0000000089600000| Untracked |  0
|  83|0x0000000089700000, 0x0000000089700000, 0x0000000089800000|  0%| F|  |TAMS 0x0000000089700000| PB 0x0000000089700000| Untracked |  0
|  84|0x0000000089800000, 0x0000000089800000, 0x0000000089900000|  0%| F|  |TAMS 0x0000000089800000| PB 0x0000000089800000| Untracked |  0
|  85|0x0000000089900000, 0x0000000089900000, 0x0000000089a00000|  0%| F|  |TAMS 0x0000000089900000| PB 0x0000000089900000| Untracked |  0
|  86|0x0000000089a00000, 0x0000000089a00000, 0x0000000089b00000|  0%| F|  |TAMS 0x0000000089a00000| PB 0x0000000089a00000| Untracked |  0
|  87|0x0000000089b00000, 0x0000000089b00000, 0x0000000089c00000|  0%| F|  |TAMS 0x0000000089b00000| PB 0x0000000089b00000| Untracked |  0
|  88|0x0000000089c00000, 0x0000000089c00000, 0x0000000089d00000|  0%| F|  |TAMS 0x0000000089c00000| PB 0x0000000089c00000| Untracked |  0
|  89|0x0000000089d00000, 0x0000000089d00000, 0x0000000089e00000|  0%| F|  |TAMS 0x0000000089d00000| PB 0x0000000089d00000| Untracked |  0
|  90|0x0000000089e00000, 0x0000000089e00000, 0x0000000089f00000|  0%| F|  |TAMS 0x0000000089e00000| PB 0x0000000089e00000| Untracked |  0
|  91|0x0000000089f00000, 0x0000000089f00000, 0x000000008a000000|  0%| F|  |TAMS 0x0000000089f00000| PB 0x0000000089f00000| Untracked |  0
|  92|0x000000008a000000, 0x000000008a000000, 0x000000008a100000|  0%| F|  |TAMS 0x000000008a000000| PB 0x000000008a000000| Untracked |  0
|  93|0x000000008a100000, 0x000000008a100000, 0x000000008a200000|  0%| F|  |TAMS 0x000000008a100000| PB 0x000000008a100000| Untracked |  0
|  94|0x000000008a200000, 0x000000008a200000, 0x000000008a300000|  0%| F|  |TAMS 0x000000008a200000| PB 0x000000008a200000| Untracked |  0
|  95|0x000000008a300000, 0x000000008a300000, 0x000000008a400000|  0%| F|  |TAMS 0x000000008a300000| PB 0x000000008a300000| Untracked |  0
|  96|0x000000008a400000, 0x000000008a400000, 0x000000008a500000|  0%| F|  |TAMS 0x000000008a400000| PB 0x000000008a400000| Untracked |  0
|  97|0x000000008a500000, 0x000000008a500000, 0x000000008a600000|  0%| F|  |TAMS 0x000000008a500000| PB 0x000000008a500000| Untracked |  0
|  98|0x000000008a600000, 0x000000008a600000, 0x000000008a700000|  0%| F|  |TAMS 0x000000008a600000| PB 0x000000008a600000| Untracked |  0
|  99|0x000000008a700000, 0x000000008a700000, 0x000000008a800000|  0%| F|  |TAMS 0x000000008a700000| PB 0x000000008a700000| Untracked |  0
| 100|0x000000008a800000, 0x000000008a800000, 0x000000008a900000|  0%| F|  |TAMS 0x000000008a800000| PB 0x000000008a800000| Untracked |  0
| 101|0x000000008a900000, 0x000000008a900000, 0x000000008aa00000|  0%| F|  |TAMS 0x000000008a900000| PB 0x000000008a900000| Untracked |  0
| 102|0x000000008aa00000, 0x000000008aa00000, 0x000000008ab00000|  0%| F|  |TAMS 0x000000008aa00000| PB 0x000000008aa00000| Untracked |  0
| 103|0x000000008ab00000, 0x000000008ab00000, 0x000000008ac00000|  0%| F|  |TAMS 0x000000008ab00000| PB 0x000000008ab00000| Untracked |  0
| 104|0x000000008ac00000, 0x000000008ac00000, 0x000000008ad00000|  0%| F|  |TAMS 0x000000008ac00000| PB 0x000000008ac00000| Untracked |  0
| 105|0x000000008ad00000, 0x000000008ad00000, 0x000000008ae00000|  0%| F|  |TAMS 0x000000008ad00000| PB 0x000000008ad00000| Untracked |  0
| 106|0x000000008ae00000, 0x000000008ae00000, 0x000000008af00000|  0%| F|  |TAMS 0x000000008ae00000| PB 0x000000008ae00000| Untracked |  0
| 107|0x000000008af00000, 0x000000008af00000, 0x000000008b000000|  0%| F|  |TAMS 0x000000008af00000| PB 0x000000008af00000| Untracked |  0
| 108|0x000000008b000000, 0x000000008b000000, 0x000000008b100000|  0%| F|  |TAMS 0x000000008b000000| PB 0x000000008b000000| Untracked |  0
| 109|0x000000008b100000, 0x000000008b100000, 0x000000008b200000|  0%| F|  |TAMS 0x000000008b100000| PB 0x000000008b100000| Untracked |  0
| 110|0x000000008b200000, 0x000000008b200000, 0x000000008b300000|  0%| F|  |TAMS 0x000000008b200000| PB 0x000000008b200000| Untracked |  0
| 111|0x000000008b300000, 0x000000008b300000, 0x000000008b400000|  0%| F|  |TAMS 0x000000008b300000| PB 0x000000008b300000| Untracked |  0
| 112|0x000000008b400000, 0x000000008b4fae48, 0x000000008b500000| 98%| E|  |TAMS 0x000000008b400000| PB 0x000000008b400000| Complete |  0
| 113|0x000000008b500000, 0x000000008b600000, 0x000000008b600000|100%| E|CS|TAMS 0x000000008b500000| PB 0x000000008b500000| Complete |  0
| 114|0x000000008b600000, 0x000000008b700000, 0x000000008b700000|100%| E|CS|TAMS 0x000000008b600000| PB 0x000000008b600000| Complete |  0
| 115|0x000000008b700000, 0x000000008b800000, 0x000000008b800000|100%| E|CS|TAMS 0x000000008b700000| PB 0x000000008b700000| Complete |  0
| 116|0x000000008b800000, 0x000000008b900000, 0x000000008b900000|100%| E|CS|TAMS 0x000000008b800000| PB 0x000000008b800000| Complete |  0
| 117|0x000000008b900000, 0x000000008ba00000, 0x000000008ba00000|100%| E|CS|TAMS 0x000000008b900000| PB 0x000000008b900000| Complete |  0
| 118|0x000000008ba00000, 0x000000008bb00000, 0x000000008bb00000|100%| E|CS|TAMS 0x000000008ba00000| PB 0x000000008ba00000| Complete |  0
| 119|0x000000008bb00000, 0x000000008bc00000, 0x000000008bc00000|100%| E|CS|TAMS 0x000000008bb00000| PB 0x000000008bb00000| Complete |  0
| 120|0x000000008bc00000, 0x000000008bd00000, 0x000000008bd00000|100%| E|CS|TAMS 0x000000008bc00000| PB 0x000000008bc00000| Complete |  0
| 121|0x000000008bd00000, 0x000000008be00000, 0x000000008be00000|100%| E|CS|TAMS 0x000000008bd00000| PB 0x000000008bd00000| Complete |  0
| 122|0x000000008be00000, 0x000000008bf00000, 0x000000008bf00000|100%| E|CS|TAMS 0x000000008be00000| PB 0x000000008be00000| Complete |  0
| 123|0x000000008bf00000, 0x000000008c000000, 0x000000008c000000|100%| E|CS|TAMS 0x000000008bf00000| PB 0x000000008bf00000| Complete |  0

Card table byte_map: [0x000001f7235a0000,0x000001f723980000] _byte_map_base: 0x000001f72317e000

Marking Bits: (CMBitMap*) 0x000001f70bba05a0
 Bits: [0x000001f723980000, 0x000001f725870000)

Polling page: 0x000001f709a60000

Metaspace:

Usage:
  Non-class:      9.55 MB used.
      Class:      1.39 MB used.
       Both:     10.93 MB used.

Virtual space:
  Non-class space:       64.00 MB reserved,       9.69 MB ( 15%) committed,  1 nodes.
      Class space:        1.00 GB reserved,       1.50 MB ( <1%) committed,  1 nodes.
             Both:        1.06 GB reserved,      11.19 MB (  1%) committed. 

Chunk freelists:
   Non-Class:  6.19 MB
       Class:  14.52 MB
        Both:  20.71 MB

MaxMetaspaceSize: unlimited
CompressedClassSpaceSize: 1.00 GB
Initial GC threshold: 21.00 MB
Current GC threshold: 21.00 MB
CDS: on
 - commit_granule_bytes: 65536.
 - commit_granule_words: 8192.
 - virtual_space_node_default_size: 8388608.
 - enlarge_chunks_in_place: 1.
 - use_allocation_guard: 0.


Internal statistics:

num_allocs_failed_limit: 0.
num_arena_births: 178.
num_arena_deaths: 0.
num_vsnodes_births: 2.
num_vsnodes_deaths: 0.
num_space_committed: 179.
num_space_uncommitted: 0.
num_chunks_returned_to_freelist: 0.
num_chunks_taken_from_freelist: 238.
num_chunk_merges: 0.
num_chunk_splits: 144.
num_chunks_enlarged: 67.
num_inconsistent_stats: 0.

CodeHeap 'non-profiled nmethods': size=120000Kb used=410Kb max_used=410Kb free=119589Kb
 bounds [0x000001f71b960000, 0x000001f71bbd0000, 0x000001f722e90000]
CodeHeap 'profiled nmethods': size=120000Kb used=2278Kb max_used=2278Kb free=117721Kb
 bounds [0x000001f713e90000, 0x000001f714100000, 0x000001f71b3c0000]
CodeHeap 'non-nmethods': size=5760Kb used=1840Kb max_used=1855Kb free=3919Kb
 bounds [0x000001f71b3c0000, 0x000001f71b630000, 0x000001f71b960000]
 total_blobs=2006 nmethods=1318 adapters=593
 compilation: enabled
              stopped_count=0, restarted_count=0
 full_count=0

Compilation events (20 events):
Event: 1.197 Thread 0x000001f7282a8f50 1307   !   3       javax.swing.JComponent::putClientProperty (120 bytes)
Event: 1.198 Thread 0x000001f7282a8f50 nmethod 1307 0x000001f7140c4490 code [0x000001f7140c4700, 0x000001f7140c51e8]
Event: 1.198 Thread 0x000001f7282a8f50 1308       3       javax.swing.plaf.synth.SynthLabelUI::getContext (10 bytes)
Event: 1.199 Thread 0x000001f7282a8f50 nmethod 1308 0x000001f7140c5510 code [0x000001f7140c5700, 0x000001f7140c5c38]
Event: 1.199 Thread 0x000001f7282a8f50 1304       1       javax.swing.JLabel::getDisplayedMnemonicIndex (5 bytes)
Event: 1.199 Thread 0x000001f7282a8f50 nmethod 1304 0x000001f71b9c4f90 code [0x000001f71b9c5120, 0x000001f71b9c51f0]
Event: 1.199 Thread 0x000001f7282a8f50 1309       1       java.awt.Component::getX (5 bytes)
Event: 1.199 Thread 0x000001f7282a8f50 nmethod 1309 0x000001f71b9c5290 code [0x000001f71b9c5420, 0x000001f71b9c54e8]
Event: 1.199 Thread 0x000001f7282a8f50 1310       1       java.awt.Component::getY (5 bytes)
Event: 1.199 Thread 0x000001f7282a8f50 nmethod 1310 0x000001f71b9c5590 code [0x000001f71b9c5720, 0x000001f71b9c57e8]
Event: 1.234 Thread 0x000001f7282a8f50 1311       3       java.awt.EventQueue::eventToCacheIndex (80 bytes)
Event: 1.234 Thread 0x000001f7282a8f50 nmethod 1311 0x000001f7140c5e10 code [0x000001f7140c5fe0, 0x000001f7140c6548]
Event: 1.249 Thread 0x000001f7282a8f50 1312       3       java.util.concurrent.locks.ReentrantLock$Sync::isHeldExclusively (16 bytes)
Event: 1.249 Thread 0x000001f7282a8f50 nmethod 1312 0x000001f7140c6610 code [0x000001f7140c67a0, 0x000001f7140c6930]
Event: 1.250 Thread 0x000001f7282a8f50 1313       3       javax.swing.plaf.synth.SynthBorder::getBorderInsets (409 bytes)
Event: 1.251 Thread 0x000001f7282a8f50 nmethod 1313 0x000001f7140c6990 code [0x000001f7140c6ca0, 0x000001f7140c87b8]
Event: 1.258 Thread 0x000001f7282a8f50 1314       1       javax.swing.Timer::getLock (5 bytes)
Event: 1.258 Thread 0x000001f7282a8f50 nmethod 1314 0x000001f71b9c5890 code [0x000001f71b9c5a20, 0x000001f71b9c5ae8]
Event: 1.258 Thread 0x000001f7282a8f50 1315       3       java.lang.Thread::isVirtual (5 bytes)
Event: 1.259 Thread 0x000001f7282a8f50 nmethod 1315 0x000001f7140c8d90 code [0x000001f7140c8f20, 0x000001f7140c9108]

GC Heap History (0 events):
No events

Dll operation events (9 events):
Event: 0.017 Loaded shared library C:\Program Files\Java\jdk-22\bin\java.dll
Event: 0.063 Loaded shared library C:\Program Files\Java\jdk-22\bin\jsvml.dll
Event: 0.097 Loaded shared library C:\Program Files\Java\jdk-22\bin\net.dll
Event: 0.099 Loaded shared library C:\Program Files\Java\jdk-22\bin\nio.dll
Event: 0.130 Loaded shared library C:\Program Files\Java\jdk-22\bin\jimage.dll
Event: 0.146 Loaded shared library C:\Program Files\Java\jdk-22\bin\awt.dll
Event: 0.310 Loaded shared library C:\Program Files\Java\jdk-22\bin\freetype.dll
Event: 0.311 Loaded shared library C:\Program Files\Java\jdk-22\bin\fontmanager.dll
Event: 0.461 Loaded shared library C:\Program Files\Java\jdk-22\bin\zip.dll

Deoptimization events (20 events):
Event: 0.801 Thread 0x000001f7287fdf60 DEOPT PACKING pc=0x000001f71406b428 sp=0x0000004fc0ffd470
Event: 0.801 Thread 0x000001f7287fdf60 DEOPT UNPACKING pc=0x000001f71b4188e2 sp=0x0000004fc0ffc918 mode 0
Event: 0.801 Thread 0x000001f7287fdf60 DEOPT PACKING pc=0x000001f71406b428 sp=0x0000004fc0ffd390
Event: 0.801 Thread 0x000001f7287fdf60 DEOPT UNPACKING pc=0x000001f71b4188e2 sp=0x0000004fc0ffc838 mode 0
Event: 0.804 Thread 0x000001f7287fdf60 DEOPT PACKING pc=0x000001f71406b428 sp=0x0000004fc0ffd340
Event: 0.804 Thread 0x000001f7287fdf60 DEOPT UNPACKING pc=0x000001f71b4188e2 sp=0x0000004fc0ffc788 mode 0
Event: 1.178 Thread 0x000001f7287fdf60 DEOPT PACKING pc=0x000001f714078ec3 sp=0x0000004fc0ffd770
Event: 1.178 Thread 0x000001f7287fdf60 DEOPT UNPACKING pc=0x000001f71b4188e2 sp=0x0000004fc0ffcc20 mode 0
Event: 1.178 Thread 0x000001f7287fdf60 DEOPT PACKING pc=0x000001f714078ec3 sp=0x0000004fc0ffd460
Event: 1.178 Thread 0x000001f7287fdf60 DEOPT UNPACKING pc=0x000001f71b4188e2 sp=0x0000004fc0ffc8f0 mode 0
Event: 1.179 Thread 0x000001f7287fdf60 DEOPT PACKING pc=0x000001f714078ec3 sp=0x0000004fc0ffd380
Event: 1.179 Thread 0x000001f7287fdf60 DEOPT UNPACKING pc=0x000001f71b4188e2 sp=0x0000004fc0ffc810 mode 0
Event: 1.181 Thread 0x000001f7287fdf60 DEOPT PACKING pc=0x000001f714078ec3 sp=0x0000004fc0ffd380
Event: 1.181 Thread 0x000001f7287fdf60 DEOPT UNPACKING pc=0x000001f71b4188e2 sp=0x0000004fc0ffc810 mode 0
Event: 1.183 Thread 0x000001f7287fdf60 DEOPT PACKING pc=0x000001f714078ec3 sp=0x0000004fc0ffd380
Event: 1.183 Thread 0x000001f7287fdf60 DEOPT UNPACKING pc=0x000001f71b4188e2 sp=0x0000004fc0ffc810 mode 0
Event: 1.184 Thread 0x000001f7287fdf60 DEOPT PACKING pc=0x000001f714078ec3 sp=0x0000004fc0ffd6e0
Event: 1.184 Thread 0x000001f7287fdf60 DEOPT UNPACKING pc=0x000001f71b4188e2 sp=0x0000004fc0ffcb90 mode 0
Event: 1.195 Thread 0x000001f7287fdf60 DEOPT PACKING pc=0x000001f714095933 sp=0x0000004fc0ffcf20
Event: 1.195 Thread 0x000001f7287fdf60 DEOPT UNPACKING pc=0x000001f71b4188e2 sp=0x0000004fc0ffc388 mode 0

Classes loaded (20 events):
Event: 0.844 Loading class java/awt/Toolkit$ToolkitEventMulticaster
Event: 0.844 Loading class java/awt/Toolkit$ToolkitEventMulticaster done
Event: 0.845 Loading class java/awt/event/MouseWheelEvent
Event: 0.845 Loading class java/awt/event/MouseWheelEvent done
Event: 0.845 Loading class java/awt/TextComponent
Event: 0.845 Loading class java/awt/TextComponent done
Event: 0.852 Loading class java/awt/KeyboardFocusManager$3
Event: 0.852 Loading class java/awt/KeyboardFocusManager$3 done
Event: 0.859 Loading class sun/awt/im/CompositionAreaHandler
Event: 0.859 Loading class sun/awt/im/CompositionAreaHandler done
Event: 0.859 Loading class java/text/AttributedString
Event: 0.859 Loading class java/text/AttributedString done
Event: 0.859 Loading class java/text/AttributedString$AttributedStringIterator
Event: 0.859 Loading class java/text/AttributedCharacterIterator
Event: 0.859 Loading class java/text/AttributedCharacterIterator done
Event: 0.859 Loading class java/text/AttributedString$AttributedStringIterator done
Event: 1.169 Loading class javax/swing/TimerQueue$DelayedTimer
Event: 1.169 Loading class java/util/concurrent/Delayed
Event: 1.169 Loading class java/util/concurrent/Delayed done
Event: 1.170 Loading class javax/swing/TimerQueue$DelayedTimer done

Classes unloaded (0 events):
No events

Classes redefined (0 events):
No events

Internal exceptions (20 events):
Event: 0.362 Thread 0x000001f70bb49840 Exception <a 'java/lang/ClassNotFoundException'{0x000000008ba49808}: ToggleButton> (0x000000008ba49808) 
thrown [s\open\src\hotspot\share\classfile\systemDictionary.cpp, line 313]
Event: 0.362 Thread 0x000001f70bb49840 Exception <a 'java/lang/ClassNotFoundException'{0x000000008ba49c48}: javax/swing/JToolBarSeparator> (0x000000008ba49c48) 
thrown [s\open\src\hotspot\share\classfile\systemDictionary.cpp, line 313]
Event: 0.362 Thread 0x000001f70bb49840 Exception <a 'java/lang/ClassNotFoundException'{0x000000008ba49f58}: ToolBarSeparator> (0x000000008ba49f58) 
thrown [s\open\src\hotspot\share\classfile\systemDictionary.cpp, line 313]
Event: 0.363 Thread 0x000001f70bb49840 Exception <a 'java/lang/ClassNotFoundException'{0x000000008ba4a460}: ToolTip> (0x000000008ba4a460) 
thrown [s\open\src\hotspot\share\classfile\systemDictionary.cpp, line 313]
Event: 0.364 Thread 0x000001f70bb49840 Exception <a 'java/lang/ClassNotFoundException'{0x000000008ba4ada0}: Tree> (0x000000008ba4ada0) 
thrown [s\open\src\hotspot\share\classfile\systemDictionary.cpp, line 313]
Event: 0.364 Thread 0x000001f70bb49840 Exception <a 'java/lang/ClassNotFoundException'{0x000000008ba4b298}: Tree> (0x000000008ba4b298) 
thrown [s\open\src\hotspot\share\classfile\systemDictionary.cpp, line 313]
Event: 0.364 Thread 0x000001f70bb49840 Exception <a 'java/lang/ClassNotFoundException'{0x000000008ba4b608}: javax/swing/JTreeCell> (0x000000008ba4b608) 
thrown [s\open\src\hotspot\share\classfile\systemDictionary.cpp, line 313]
Event: 0.364 Thread 0x000001f70bb49840 Exception <a 'java/lang/ClassNotFoundException'{0x000000008ba4b910}: TreeCell> (0x000000008ba4b910) 
thrown [s\open\src\hotspot\share\classfile\systemDictionary.cpp, line 313]
Event: 0.365 Thread 0x000001f70bb49840 Exception <a 'java/lang/ClassNotFoundException'{0x000000008ba4c0b8}: RootPane> (0x000000008ba4c0b8) 
thrown [s\open\src\hotspot\share\classfile\systemDictionary.cpp, line 313]
Event: 0.367 Thread 0x000001f70bb49840 Exception <a 'java/lang/ClassNotFoundException'{0x000000008ba4ee48}: com/sun/swing/internal/plaf/metal/resources/spi/metalProvider> (0x000000008ba4ee48) 
thrown [s\open\src\hotspot\share\classfile\systemDictionary.cpp, line 313]
Event: 0.369 Thread 0x000001f70bb49840 Exception <a 'java/lang/ClassNotFoundException'{0x000000008ba52b48}: com/sun/swing/internal/plaf/basic/resources/spi/basicProvider> (0x000000008ba52b48) 
thrown [s\open\src\hotspot\share\classfile\systemDictionary.cpp, line 313]
Event: 0.395 Thread 0x000001f7287fdf60 Exception <a 'java/lang/ClassNotFoundException'{0x000000008b984fe8}: com/sun/swing/internal/plaf/synth/resources/spi/synthProvider> (0x000000008b984fe8) 
thrown [s\open\src\hotspot\share\classfile\systemDictionary.cpp, line 313]
Event: 0.414 Thread 0x000001f7287fdf60 Exception <a 'java/lang/NoSuchMethodError'{0x000000008b9c86f0}: 'int java.lang.invoke.Invokers$Holder.invokeExact_MT(java.lang.Object, java.lang.Object)'> (0x000000008b9c86f0) 
thrown [s\open\src\hotspot\share\interpreter\linkResolver.cpp, line 774]
Event: 0.508 Thread 0x000001f728702b40 Exception <a 'java/lang/NoSuchMethodError'{0x000000008b7a6188}: 'java.lang.Object java.lang.invoke.DirectMethodHandle$Holder.newInvokeSpecial(java.lang.Object, java.lang.Object, java.lang.Object, int, int, int, int, int)'> (0x000000008b7a6188) 
thrown [s\open\src\hotspot\share\interpreter\linkResolver.cpp, line 774]
Event: 0.523 Thread 0x000001f7287fdf60 Exception <a 'java/lang/NoSuchMethodError'{0x000000008b7ff1f8}: 'java.lang.Object java.lang.invoke.DirectMethodHandle$Holder.newInvokeSpecial(java.lang.Object, java.lang.Object, int)'> (0x000000008b7ff1f8) 
thrown [s\open\src\hotspot\share\interpreter\linkResolver.cpp, line 774]
Event: 0.524 Thread 0x000001f7287fdf60 Exception <a 'java/lang/NoSuchMethodError'{0x000000008b604658}: 'int java.lang.invoke.DirectMethodHandle$Holder.invokeSpecial(java.lang.Object, java.lang.Object, java.lang.Object, int)'> (0x000000008b604658) 
thrown [s\open\src\hotspot\share\interpreter\linkResolver.cpp, line 774]
Event: 0.525 Thread 0x000001f7287fdf60 Exception <a 'java/lang/NoSuchMethodError'{0x000000008b616fb0}: 'java.lang.Object java.lang.invoke.DirectMethodHandle$Holder.invokeStatic(java.lang.Object, java.lang.Object, java.lang.Object, java.lang.Object, int)'> (0x000000008b616fb0) 
thrown [s\open\src\hotspot\share\interpreter\linkResolver.cpp, line 774]
Event: 0.526 Thread 0x000001f7287fdf60 Exception <a 'java/lang/NoSuchMethodError'{0x000000008b61f5a8}: 'int java.lang.invoke.DirectMethodHandle$Holder.invokeSpecial(java.lang.Object, java.lang.Object, java.lang.Object)'> (0x000000008b61f5a8) 
thrown [s\open\src\hotspot\share\interpreter\linkResolver.cpp, line 774]
Event: 0.575 Thread 0x000001f7287fdf60 Exception <a 'java/lang/NoSuchMethodError'{0x000000008b65f518}: 'void java.lang.invoke.DirectMethodHandle$Holder.invokeStaticInit(java.lang.Object)'> (0x000000008b65f518) 
thrown [s\open\src\hotspot\share\interpreter\linkResolver.cpp, line 774]
Event: 0.663 Thread 0x000001f7286eb170 Exception <a 'java/lang/NoSuchMethodError'{0x000000008b67f7e8}: 'void java.lang.invoke.DirectMethodHandle$Holder.invokeVirtual(java.lang.Object, java.lang.Object)'> (0x000000008b67f7e8) 
thrown [s\open\src\hotspot\share\interpreter\linkResolver.cpp, line 774]

ZGC Phase Switch (0 events):
No events

VM Operations (20 events):
Event: 0.171 Executing VM operation: HandshakeAllThreads (Deoptimize)
Event: 0.171 Executing VM operation: HandshakeAllThreads (Deoptimize) done
Event: 0.416 Executing VM operation: HandshakeAllThreads (Deoptimize)
Event: 0.416 Executing VM operation: HandshakeAllThreads (Deoptimize) done
Event: 0.492 Executing VM operation: HandshakeAllThreads (Deoptimize)
Event: 0.492 Executing VM operation: HandshakeAllThreads (Deoptimize) done
Event: 0.618 Executing VM operation: HandshakeAllThreads (Deoptimize)
Event: 0.618 Executing VM operation: HandshakeAllThreads (Deoptimize) done
Event: 0.694 Executing VM operation: HandshakeAllThreads (Deoptimize)
Event: 0.694 Executing VM operation: HandshakeAllThreads (Deoptimize) done
Event: 0.702 Executing VM operation: HandshakeAllThreads (Deoptimize)
Event: 0.702 Executing VM operation: HandshakeAllThreads (Deoptimize) done
Event: 0.714 Executing VM operation: ICBufferFull
Event: 0.714 Executing VM operation: ICBufferFull done
Event: 0.737 Executing VM operation: HandshakeAllThreads (Deoptimize)
Event: 0.737 Executing VM operation: HandshakeAllThreads (Deoptimize) done
Event: 0.747 Executing VM operation: HandshakeAllThreads (Deoptimize)
Event: 0.747 Executing VM operation: HandshakeAllThreads (Deoptimize) done
Event: 0.841 Executing VM operation: HandshakeAllThreads (Deoptimize)
Event: 0.841 Executing VM operation: HandshakeAllThreads (Deoptimize) done

Events (20 events):
Event: 0.060 Thread 0x000001f72828e2b0 Thread added: 0x000001f72828e2b0
Event: 0.060 Thread 0x000001f72828efd0 Thread added: 0x000001f72828efd0
Event: 0.060 Thread 0x000001f728294500 Thread added: 0x000001f728294500
Event: 0.060 Thread 0x000001f7282953f0 Thread added: 0x000001f7282953f0
Event: 0.061 Thread 0x000001f728295e50 Thread added: 0x000001f728295e50
Event: 0.061 Thread 0x000001f7282a1080 Thread added: 0x000001f7282a1080
Event: 0.061 Thread 0x000001f7282a6cf0 Thread added: 0x000001f7282a6cf0
Event: 0.061 Thread 0x000001f7282a8f50 Thread added: 0x000001f7282a8f50
Event: 0.086 Thread 0x000001f7284c4080 Thread added: 0x000001f7284c4080
Event: 0.115 Thread 0x000001f7285f2690 Thread added: 0x000001f7285f2690
Event: 0.210 Thread 0x000001f7286e7180 Thread added: 0x000001f7286e7180
Event: 0.213 Thread 0x000001f7286e8830 Thread added: 0x000001f7286e8830
Event: 0.215 Thread 0x000001f7286eb170 Thread added: 0x000001f7286eb170
Event: 0.381 Thread 0x000001f7287fdf60 Thread added: 0x000001f7287fdf60
Event: 0.381 Thread 0x000001f70bb49840 Thread exited: 0x000001f70bb49840
Event: 0.382 Thread 0x000001f70bb49840 Thread added: 0x000001f70bb49840
Event: 0.440 Thread 0x000001f728702b40 Thread added: 0x000001f728702b40
Event: 0.708 Thread 0x000001f76ee42330 Thread added: 0x000001f76ee42330
Event: 0.792 Thread 0x000001f76ee1f1c0 Thread added: 0x000001f76ee1f1c0
Event: 0.929 Thread 0x000001f76ee1f1c0 Thread exited: 0x000001f76ee1f1c0


Dynamic libraries:
0x00007ff75a8e0000 - 0x00007ff75a8f0000 	C:\Program Files\Java\jdk-22\bin\java.exe
0x00007ffe17930000 - 0x00007ffe17b46000 	C:\WINDOWS\SYSTEM32\ntdll.dll
0x00007ffe165c0000 - 0x00007ffe16684000 	C:\WINDOWS\System32\KERNEL32.DLL
0x00007ffe152d0000 - 0x00007ffe15676000 	C:\WINDOWS\System32\KERNELBASE.dll
0x00007ffe15060000 - 0x00007ffe15171000 	C:\WINDOWS\System32\ucrtbase.dll
0x00007ffdfff30000 - 0x00007ffdfff4b000 	C:\Program Files\Java\jdk-22\bin\VCRUNTIME140.dll
0x00007ffdf8c30000 - 0x00007ffdf8c47000 	C:\Program Files\Java\jdk-22\bin\jli.dll
0x00007ffe15c60000 - 0x00007ffe15d12000 	C:\WINDOWS\System32\ADVAPI32.dll
0x00007ffe17330000 - 0x00007ffe173d7000 	C:\WINDOWS\System32\msvcrt.dll
0x00007ffe17840000 - 0x00007ffe178e8000 	C:\WINDOWS\System32\sechost.dll
0x00007ffe15230000 - 0x00007ffe15258000 	C:\WINDOWS\System32\bcrypt.dll
0x00007ffe15690000 - 0x00007ffe157a5000 	C:\WINDOWS\System32\RPCRT4.dll
0x00007ffe157b0000 - 0x00007ffe1595d000 	C:\WINDOWS\System32\USER32.dll
0x00007ffe15180000 - 0x00007ffe151a6000 	C:\WINDOWS\System32\win32u.dll
0x00007ffdfc5a0000 - 0x00007ffdfc833000 	C:\WINDOWS\WinSxS\amd64_microsoft.windows.common-controls_6595b64144ccf1df_6.0.22621.3235_none_270f74e173860f98\COMCTL32.dll
0x00007ffe16590000 - 0x00007ffe165b9000 	C:\WINDOWS\System32\GDI32.dll
0x00007ffe14e80000 - 0x00007ffe14f98000 	C:\WINDOWS\System32\gdi32full.dll
0x00007ffe14de0000 - 0x00007ffe14e7a000 	C:\WINDOWS\System32\msvcp_win.dll
0x00007ffe0db60000 - 0x00007ffe0db6a000 	C:\WINDOWS\SYSTEM32\VERSION.dll
0x00007ffe16cf0000 - 0x00007ffe16d21000 	C:\WINDOWS\System32\IMM32.DLL
0x00007ffe0fdd0000 - 0x00007ffe0fddc000 	C:\Program Files\Java\jdk-22\bin\vcruntime140_1.dll
0x00007ffdeedd0000 - 0x00007ffdeee5e000 	C:\Program Files\Java\jdk-22\bin\msvcp140.dll
0x00007ffd98530000 - 0x00007ffd99278000 	C:\Program Files\Java\jdk-22\bin\server\jvm.dll
0x00007ffe15ad0000 - 0x00007ffe15b41000 	C:\WINDOWS\System32\WS2_32.dll
0x00007ffe14b40000 - 0x00007ffe14b8d000 	C:\WINDOWS\SYSTEM32\POWRPROF.dll
0x00007ffe0aec0000 - 0x00007ffe0aef4000 	C:\WINDOWS\SYSTEM32\WINMM.dll
0x00007ffe14b20000 - 0x00007ffe14b33000 	C:\WINDOWS\SYSTEM32\UMPDC.dll
0x00007ffe13cb0000 - 0x00007ffe13cc8000 	C:\WINDOWS\SYSTEM32\kernel.appcore.dll
0x00007ffdfff20000 - 0x00007ffdfff2a000 	C:\Program Files\Java\jdk-22\bin\jimage.dll
0x00007ffe12530000 - 0x00007ffe12763000 	C:\WINDOWS\SYSTEM32\DBGHELP.DLL
0x00007ffe16f50000 - 0x00007ffe172d8000 	C:\WINDOWS\System32\combase.dll
0x00007ffe17760000 - 0x00007ffe17837000 	C:\WINDOWS\System32\OLEAUT32.dll
0x00007ffdf3d80000 - 0x00007ffdf3db2000 	C:\WINDOWS\SYSTEM32\dbgcore.DLL
0x00007ffe151b0000 - 0x00007ffe1522a000 	C:\WINDOWS\System32\bcryptPrimitives.dll
0x00007ffdffef0000 - 0x00007ffdfff0e000 	C:\Program Files\Java\jdk-22\bin\java.dll
0x00007ffe15d30000 - 0x00007ffe1658d000 	C:\WINDOWS\System32\SHELL32.dll
0x00007ffe16db0000 - 0x00007ffe16f4f000 	C:\WINDOWS\System32\ole32.dll
0x00007ffe12bd0000 - 0x00007ffe134c8000 	C:\WINDOWS\SYSTEM32\windows.storage.dll
0x00007ffe12a90000 - 0x00007ffe12bce000 	C:\WINDOWS\SYSTEM32\wintypes.dll
0x00007ffe15b50000 - 0x00007ffe15c43000 	C:\WINDOWS\System32\SHCORE.dll
0x00007ffe15a70000 - 0x00007ffe15ace000 	C:\WINDOWS\System32\shlwapi.dll
0x00007ffe14ba0000 - 0x00007ffe14bc6000 	C:\WINDOWS\SYSTEM32\profapi.dll
0x00007ffdaf7f0000 - 0x00007ffdaf8c7000 	C:\Program Files\Java\jdk-22\bin\jsvml.dll
0x00007ffdfa950000 - 0x00007ffdfa960000 	C:\Program Files\Java\jdk-22\bin\net.dll
0x00007ffe14130000 - 0x00007ffe14199000 	C:\WINDOWS\system32\mswsock.dll
0x00007ffdf90e0000 - 0x00007ffdf90f6000 	C:\Program Files\Java\jdk-22\bin\nio.dll
0x00007ffdab930000 - 0x00007ffdababe000 	C:\Program Files\Java\jdk-22\bin\awt.dll
0x00007ffe11b70000 - 0x00007ffe11c07000 	C:\WINDOWS\SYSTEM32\apphelp.dll
0x00007ffe11d10000 - 0x00007ffe11dbb000 	C:\WINDOWS\system32\uxtheme.dll
0x00007ffe17600000 - 0x00007ffe17754000 	C:\WINDOWS\System32\MSCTF.dll
0x00007ffe11f90000 - 0x00007ffe11fbb000 	C:\WINDOWS\system32\DWMAPI.DLL
0x00007ffdec630000 - 0x00007ffdec6b7000 	C:\Program Files\Java\jdk-22\bin\freetype.dll
0x00007ffdac9c0000 - 0x00007ffdaca97000 	C:\Program Files\Java\jdk-22\bin\fontmanager.dll
0x00007ffde67c0000 - 0x00007ffde68c0000 	C:\WINDOWS\system32\opengl32.dll
0x00007ffdf2600000 - 0x00007ffdf262d000 	C:\WINDOWS\SYSTEM32\GLU32.dll
0x00007ffe11e20000 - 0x00007ffe11e59000 	C:\WINDOWS\SYSTEM32\dxcore.dll
0x00007ffdf90c0000 - 0x00007ffdf90d7000 	C:\Program Files\Java\jdk-22\bin\zip.dll
0x00007ffe16c40000 - 0x00007ffe16cf0000 	C:\WINDOWS\System32\clbcatq.dll
0x00007ffe10590000 - 0x00007ffe10740000 	C:\WINDOWS\SYSTEM32\WindowsCodecs.dll
0x00007ffdf23d0000 - 0x00007ffdf242e000 	C:\WINDOWS\system32\dataexchange.dll
0x00007ffe0ca30000 - 0x00007ffe0ccbf000 	C:\WINDOWS\system32\twinapi.appcore.dll
0x00007ffdfccb0000 - 0x00007ffdfcdfa000 	C:\WINDOWS\SYSTEM32\textinputframework.dll
0x0000000180000000 - 0x0000000180054000 	C:\Program Files\UniKey\UKHook40.dll
0x00007ffe11880000 - 0x00007ffe119b4000 	C:\WINDOWS\SYSTEM32\CoreMessaging.dll
0x00007ffe0dbb0000 - 0x00007ffe0df1c000 	C:\WINDOWS\SYSTEM32\CoreUIComponents.dll
0x00007ffe14380000 - 0x00007ffe1438c000 	C:\WINDOWS\SYSTEM32\CRYPTBASE.DLL

dbghelp: loaded successfully - version: 4.0.5 - missing functions: none
symbol engine: initialized successfully - sym options: 0x614 - pdb path: .;C:\Program Files\Java\jdk-22\bin;C:\WINDOWS\SYSTEM32;C:\WINDOWS\WinSxS\amd64_microsoft.windows.common-controls_6595b64144ccf1df_6.0.22621.3235_none_270f74e173860f98;C:\Program Files\Java\jdk-22\bin\server;C:\Program Files\UniKey

VM Arguments:
jvm_args: -Dfile.encoding=UTF-8 --module-path=D:\21126089(2)\BookStore-Management\UI-Admin\build\classes 
java_command: com.raven.main.Main
java_class_path (initial): D:\21126089(2)\BookStore-Management\UI-Admin\build\classes
Launcher Type: SUN_STANDARD

[Global flags]
     intx CICompilerCount                          = 4                                         {product} {ergonomic}
     uint ConcGCThreads                            = 2                                         {product} {ergonomic}
     uint G1ConcRefinementThreads                  = 8                                         {product} {ergonomic}
   size_t G1HeapRegionSize                         = 1048576                                   {product} {ergonomic}
   size_t InitialHeapSize                          = 130023424                                 {product} {ergonomic}
   size_t MarkStackSize                            = 4194304                                   {product} {ergonomic}
   size_t MaxHeapSize                              = 2076180480                                {product} {ergonomic}
   size_t MaxNewSize                               = 1245708288                                {product} {ergonomic}
   size_t MinHeapDeltaBytes                        = 1048576                                   {product} {ergonomic}
   size_t MinHeapSize                              = 8388608                                   {product} {ergonomic}
    uintx NonNMethodCodeHeapSize                   = 5839372                                {pd product} {ergonomic}
    uintx NonProfiledCodeHeapSize                  = 122909434                              {pd product} {ergonomic}
    uintx ProfiledCodeHeapSize                     = 122909434                              {pd product} {ergonomic}
    uintx ReservedCodeCacheSize                    = 251658240                              {pd product} {ergonomic}
     bool SegmentedCodeCache                       = true                                      {product} {ergonomic}
   size_t SoftMaxHeapSize                          = 2076180480                             {manageable} {ergonomic}
     bool UseCompressedOops                        = true                           {product lp64_product} {ergonomic}
     bool UseG1GC                                  = true                                      {product} {ergonomic}
     bool UseLargePagesIndividualAllocation        = false                                  {pd product} {ergonomic}

Logging:
Log output configuration:
 #0: stdout all=warning uptime,level,tags foldmultilines=false
 #1: stderr all=off uptime,level,tags foldmultilines=false

Environment Variables:
JAVA_HOME=C:\Program Files\Java\jdk-22
PATH=C:\Program Files (x86)\VMware\VMware Workstation\bin\;C:\WINDOWS\system32;C:\WINDOWS;C:\WINDOWS\System32\Wbem;C:\WINDOWS\System32\WindowsPowerShell\v1.0\;C:\WINDOWS\System32\OpenSSH\;C:\Program Files\dotnet\;C:\MinGW\bin;C:\Program Files\Git\cmd;C:\ProgramData\chocolatey\bin;C:\Program Files\nvm;C:\Program Files\nodejs;C:\Program Files\swipl\bin;C:\Program Files (x86)\Microsoft SQL Server\160\Tools\Binn\;C:\Program Files\Microsoft SQL Server\160\Tools\Binn\;C:\Program Files\Microsoft SQL Server\Client SDK\ODBC\170\Tools\Binn\;C:\Program Files\Microsoft SQL Server\160\DTS\Binn\;C:\Program Files\Java\jdk-22\bin;C:\Program Files (x86)\Microsoft SQL Server\160\DTS\Binn\;C:\Program Files\Azure Data Studio\bin;C:\Program Files\MySQL\MySQL Shell 8.0\bin\;C:\Users\DELL\AppData\Local\Programs\Python\Python311\Scripts\;C:\Users\DELL\AppData\Local\Programs\Python\Python311\;C:\Program Files (x86)\VMware\VMware Workstation\bin\;C:\Program Files (x86)\Common Files\Oracle\Java\javapath;C:\WINDOWS\system32;C:\WINDOWS;C:\WINDOWS\System32\Wbem;C:\WINDOWS\System32\WindowsPowerShell\v1.0\;C:\WINDOWS\System32\OpenSSH\;C:\Program Files\dotnet\;C:\MinGW\bin;C:\Program Files\Git\cmd;C:\Program Files\Cloudflare\Cloudflare WARP\;C:\ProgramData\chocolatey\bin;C:\Program Files\nvm;C:\Program Files\nodejs;C:\Users\DELL\AppData\Local\Microsoft\WindowsApps;C:\Users\DELL\.dotnet\tools;C:\Users\DELL\AppData\Local\Programs\Microsoft VS Code\bin;C:\Users\DELL\AppData\Local\GitHubDesktop\bin;C:\Program Files (x86)\MongoDB Atlas CLI\;C:\Program Files\nvm;C:\Program Files\nodejs;C:\Program Files\nvm\v16.0.0;C:\Program Files\Azure Data Studio\bin
USERNAME=DELL
OS=Windows_NT
PROCESSOR_IDENTIFIER=Intel64 Family 6 Model 140 Stepping 1, GenuineIntel
TMP=C:\Users\DELL\AppData\Local\Temp
TEMP=C:\Users\DELL\AppData\Local\Temp




Periodic native trim disabled

---------------  S Y S T E M  ---------------

OS:
 Windows 11 , 64 bit Build 22621 (10.0.22621.3235)
OS uptime: 4 days 21:14 hours

CPU: total 8 (initial active 8) (4 cores per cpu, 2 threads per core) family 6 model 140 stepping 1 microcode 0xb4, cx8, cmov, fxsr, ht, mmx, 3dnowpref, sse, sse2, sse3, ssse3, sse4.1, sse4.2, popcnt, lzcnt, tsc, tscinvbit, avx, avx2, aes, erms, clmul, bmi1, bmi2, adx, avx512f, avx512dq, avx512cd, avx512bw, avx512vl, sha, fma, vzeroupper, avx512_vpopcntdq, avx512_vpclmulqdq, avx512_vaes, avx512_vnni, clflush, clflushopt, clwb, avx512_vbmi2, avx512_vbmi, rdtscp, rdpid, fsrm, gfni, avx512_bitalg, f16c, pku, cet_ibt, cet_ss, avx512_ifma
Processor Information for processor 0
  Max Mhz: 2419, Current Mhz: 1007, Mhz Limit: 2419
Processor Information for processor 1
  Max Mhz: 2419, Current Mhz: 1007, Mhz Limit: 2419
Processor Information for processor 2
  Max Mhz: 2419, Current Mhz: 1007, Mhz Limit: 2419
Processor Information for processor 3
  Max Mhz: 2419, Current Mhz: 2419, Mhz Limit: 2419
Processor Information for processor 4
  Max Mhz: 2419, Current Mhz: 2419, Mhz Limit: 2419
Processor Information for processor 5
  Max Mhz: 2419, Current Mhz: 1007, Mhz Limit: 2419
Processor Information for processor 6
  Max Mhz: 2419, Current Mhz: 1007, Mhz Limit: 2419
Processor Information for processor 7
  Max Mhz: 2419, Current Mhz: 1007, Mhz Limit: 2419

Memory: 4k page, system-wide physical 7914M (415M free)
TotalPageFile size 19902M (AvailPageFile size 4M)
current process WorkingSet (physical memory assigned to process): 94M, peak: 95M
current process commit charge ("private bytes"): 237M, peak: 241M

vm_info: Java HotSpot(TM) 64-Bit Server VM (22+36-2370) for windows-amd64 JRE (22+36-2370), built on 2024-02-15T22:15:19Z by "mach5one" with MS VC++ 17.6 (VS2022)

END.
